<?xml version="1.0" encoding="UTF-8"?>
<testsuite xmlns:xsi="http://www.w3.org/2001/XMLSchema-instance" xsi:noNamespaceSchemaLocation="https://maven.apache.org/surefire/maven-surefire-plugin/xsd/surefire-test-report.xsd" version="3.0.2" name="id.co.bca.camsbatch.CamsbatchApplicationTests" time="11.53" tests="1" errors="0" skipped="0" failures="0">
  <properties>
[...]
</properties>
  <testcase name="contextLoads" classname="id.co.bca.camsbatch.CamsbatchApplicationTests" time="1.581">
    <system-out><![CDATA[01:07:41.420 [main] INFO org.springframework.test.context.support.AnnotationConfigContextLoaderUtils -- Could not detect default configuration classes for test class [id.co.bca.camsbatch.CamsbatchApplicationTests]: CamsbatchApplicationTests does not declare any static, non-private, non-final, nested classes annotated with @Configuration.
01:07:41.527 [main] INFO org.springframework.boot.test.context.SpringBootTestContextBootstrapper -- Found @SpringBootConfiguration id.co.bca.camsbatch.CamsbatchApplication for test class id.co.bca.camsbatch.CamsbatchApplicationTests

  .   ____          _            __ _ _
 /\\ / ___'_ __ _ _(_)_ __  __ _ \ \ \ \
( ( )\___ | '_ | '_| | '_ \/ _` | \ \ \ \
 \\/  ___)| |_)| | | | | || (_| |  ) ) ) )
  '  |____| .__|_| |_|_| |_\__, | / / / /
 =========|_|==============|___/=/_/_/_/

 :: Spring Boot ::                (v3.4.5)

2025-05-09T01:07:42.014+07:00  INFO 16688 --- [camsbatch] [           main] i.c.b.c.CamsbatchApplicationTests        : Starting CamsbatchApplicationTests using Java 17.0.13 with PID 16688 (started by U063496 in D:\Projects\CAMS\camsbatch)
2025-05-09T01:07:42.018+07:00  INFO 16688 --- [camsbatch] [           main] i.c.b.c.CamsbatchApplicationTests        : No active profile set, falling back to 1 default profile: "default"
2025-05-09T01:07:43.055+07:00  INFO 16688 --- [camsbatch] [           main] .s.d.r.c.RepositoryConfigurationDelegate : Bootstrapping Spring Data JPA repositories in DEFAULT mode.
2025-05-09T01:07:43.207+07:00  INFO 16688 --- [camsbatch] [           main] .s.d.r.c.RepositoryConfigurationDelegate : Finished Spring Data repository scanning in 123 ms. Found 3 JPA repository interfaces.
2025-05-09T01:07:43.796+07:00  INFO 16688 --- [camsbatch] [           main] com.zaxxer.hikari.HikariDataSource       : HikariPool-1 - Starting...
2025-05-09T01:07:44.050+07:00  INFO 16688 --- [camsbatch] [           main] com.zaxxer.hikari.pool.HikariPool        : HikariPool-1 - Added connection org.postgresql.jdbc.PgConnection@2173a742
2025-05-09T01:07:44.054+07:00  INFO 16688 --- [camsbatch] [           main] com.zaxxer.hikari.HikariDataSource       : HikariPool-1 - Start completed.
2025-05-09T01:07:44.215+07:00 DEBUG 16688 --- [camsbatch] [           main] o.hibernate.jpa.internal.util.LogHelper  : PersistenceUnitInfo [
	name: default
	persistence provider classname: null
	classloader: jdk.internal.loader.ClassLoaders$AppClassLoader@c387f44
	excludeUnlistedClasses: true
	JTA datasource: null
	Non JTA datasource: HikariDataSource (HikariPool-1)
	Transaction type: RESOURCE_LOCAL
	PU root URL: file:/D:/Projects/CAMS/camsbatch/target/test-classes/
	Shared Cache Mode: UNSPECIFIED
	Validation Mode: AUTO
	Jar files URLs []
	Managed classes names [
		id.co.bca.camsbatch.model.Customer
		id.co.bca.camsbatch.model.Order
		id.co.bca.camsbatch.model.Person]
	Mapping files names []
	Properties []
2025-05-09T01:07:44.251+07:00 DEBUG 16688 --- [camsbatch] [           main] o.h.i.internal.IntegratorServiceImpl     : Adding Integrator [org.hibernate.boot.beanvalidation.BeanValidationIntegrator].
2025-05-09T01:07:44.254+07:00 DEBUG 16688 --- [camsbatch] [           main] o.h.i.internal.IntegratorServiceImpl     : Adding Integrator [org.hibernate.cache.internal.CollectionCacheInvalidator].
2025-05-09T01:07:44.345+07:00  INFO 16688 --- [camsbatch] [           main] org.hibernate.Version                    : HHH000412: Hibernate ORM core version 6.6.13.Final
2025-05-09T01:07:44.351+07:00 DEBUG 16688 --- [camsbatch] [           main] org.hibernate.cfg.Environment            : HHH000206: 'hibernate.properties' not found
2025-05-09T01:07:44.488+07:00 DEBUG 16688 --- [camsbatch] [           main] org.hibernate.orm.idgen.factory          : Registering IdentifierGenerator strategy [uuid2] -> [org.hibernate.id.UUIDGenerator]
2025-05-09T01:07:44.490+07:00 DEBUG 16688 --- [camsbatch] [           main] org.hibernate.orm.idgen.factory          : Registering IdentifierGenerator strategy [guid] -> [org.hibernate.id.GUIDGenerator]
2025-05-09T01:07:44.494+07:00 DEBUG 16688 --- [camsbatch] [           main] org.hibernate.orm.idgen.factory          : Registering IdentifierGenerator strategy [uuid] -> [org.hibernate.id.UUIDHexGenerator]
2025-05-09T01:07:44.495+07:00 DEBUG 16688 --- [camsbatch] [           main] org.hibernate.orm.idgen.factory          : Registering IdentifierGenerator strategy [uuid.hex] -> [org.hibernate.id.UUIDHexGenerator]
2025-05-09T01:07:44.496+07:00 DEBUG 16688 --- [camsbatch] [           main] org.hibernate.orm.idgen.factory          : Registering IdentifierGenerator strategy [assigned] -> [org.hibernate.id.Assigned]
2025-05-09T01:07:44.499+07:00 DEBUG 16688 --- [camsbatch] [           main] org.hibernate.orm.idgen.factory          : Registering IdentifierGenerator strategy [identity] -> [org.hibernate.id.IdentityGenerator]
2025-05-09T01:07:44.500+07:00 DEBUG 16688 --- [camsbatch] [           main] org.hibernate.orm.idgen.factory          : Registering IdentifierGenerator strategy [select] -> [org.hibernate.id.SelectGenerator]
2025-05-09T01:07:44.502+07:00 DEBUG 16688 --- [camsbatch] [           main] org.hibernate.orm.idgen.factory          : Registering IdentifierGenerator strategy [sequence] -> [org.hibernate.id.enhanced.SequenceStyleGenerator]
2025-05-09T01:07:44.505+07:00 DEBUG 16688 --- [camsbatch] [           main] org.hibernate.orm.idgen.factory          : Registering IdentifierGenerator strategy [increment] -> [org.hibernate.id.IncrementGenerator]
2025-05-09T01:07:44.506+07:00 DEBUG 16688 --- [camsbatch] [           main] org.hibernate.orm.idgen.factory          : Registering IdentifierGenerator strategy [foreign] -> [org.hibernate.id.ForeignGenerator]
2025-05-09T01:07:44.507+07:00 DEBUG 16688 --- [camsbatch] [           main] org.hibernate.orm.idgen.factory          : Registering IdentifierGenerator strategy [enhanced-sequence] -> [org.hibernate.id.enhanced.SequenceStyleGenerator]
2025-05-09T01:07:44.508+07:00 DEBUG 16688 --- [camsbatch] [           main] org.hibernate.orm.idgen.factory          : Registering IdentifierGenerator strategy [enhanced-table] -> [org.hibernate.id.enhanced.TableGenerator]
2025-05-09T01:07:44.517+07:00 DEBUG 16688 --- [camsbatch] [           main] o.h.c.internal.RegionFactoryInitiator    : Cannot default RegionFactory based on registered strategies as `[]` RegionFactory strategies were registered
2025-05-09T01:07:44.521+07:00  INFO 16688 --- [camsbatch] [           main] o.h.c.internal.RegionFactoryInitiator    : HHH000026: Second-level cache disabled
2025-05-09T01:07:44.966+07:00 DEBUG 16688 --- [camsbatch] [           main] org.hibernate.type.BasicTypeRegistry     : Adding type registration boolean -> org.hibernate.type.BasicTypeReference@69a5c6be
2025-05-09T01:07:44.967+07:00 DEBUG 16688 --- [camsbatch] [           main] org.hibernate.type.BasicTypeRegistry     : Adding type registration boolean -> org.hibernate.type.BasicTypeReference@69a5c6be
2025-05-09T01:07:44.967+07:00 DEBUG 16688 --- [camsbatch] [           main] org.hibernate.type.BasicTypeRegistry     : Adding type registration java.lang.Boolean -> org.hibernate.type.BasicTypeReference@69a5c6be
2025-05-09T01:07:44.967+07:00 DEBUG 16688 --- [camsbatch] [           main] org.hibernate.type.BasicTypeRegistry     : Adding type registration numeric_boolean -> org.hibernate.type.BasicTypeReference@451e2fa9
2025-05-09T01:07:44.968+07:00 DEBUG 16688 --- [camsbatch] [           main] org.hibernate.type.BasicTypeRegistry     : Adding type registration org.hibernate.type.NumericBooleanConverter -> org.hibernate.type.BasicTypeReference@451e2fa9
2025-05-09T01:07:44.968+07:00 DEBUG 16688 --- [camsbatch] [           main] org.hibernate.type.BasicTypeRegistry     : Adding type registration true_false -> org.hibernate.type.BasicTypeReference@497ed877
2025-05-09T01:07:44.974+07:00 DEBUG 16688 --- [camsbatch] [           main] org.hibernate.type.BasicTypeRegistry     : Adding type registration org.hibernate.type.TrueFalseConverter -> org.hibernate.type.BasicTypeReference@497ed877
2025-05-09T01:07:44.975+07:00 DEBUG 16688 --- [camsbatch] [           main] org.hibernate.type.BasicTypeRegistry     : Adding type registration yes_no -> org.hibernate.type.BasicTypeReference@3cb6e0ee
2025-05-09T01:07:44.975+07:00 DEBUG 16688 --- [camsbatch] [           main] org.hibernate.type.BasicTypeRegistry     : Adding type registration org.hibernate.type.YesNoConverter -> org.hibernate.type.BasicTypeReference@3cb6e0ee
2025-05-09T01:07:44.975+07:00 DEBUG 16688 --- [camsbatch] [           main] org.hibernate.type.BasicTypeRegistry     : Adding type registration byte -> org.hibernate.type.BasicTypeReference@7b6141f0
2025-05-09T01:07:44.975+07:00 DEBUG 16688 --- [camsbatch] [           main] org.hibernate.type.BasicTypeRegistry     : Adding type registration byte -> org.hibernate.type.BasicTypeReference@7b6141f0
2025-05-09T01:07:44.975+07:00 DEBUG 16688 --- [camsbatch] [           main] org.hibernate.type.BasicTypeRegistry     : Adding type registration java.lang.Byte -> org.hibernate.type.BasicTypeReference@7b6141f0
2025-05-09T01:07:44.976+07:00 DEBUG 16688 --- [camsbatch] [           main] org.hibernate.type.BasicTypeRegistry     : Adding type registration binary -> org.hibernate.type.BasicTypeReference@4fb64a52
2025-05-09T01:07:44.976+07:00 DEBUG 16688 --- [camsbatch] [           main] org.hibernate.type.BasicTypeRegistry     : Adding type registration byte[] -> org.hibernate.type.BasicTypeReference@4fb64a52
2025-05-09T01:07:44.976+07:00 DEBUG 16688 --- [camsbatch] [           main] org.hibernate.type.BasicTypeRegistry     : Adding type registration [B -> org.hibernate.type.BasicTypeReference@4fb64a52
2025-05-09T01:07:44.976+07:00 DEBUG 16688 --- [camsbatch] [           main] org.hibernate.type.BasicTypeRegistry     : Adding type registration binary_wrapper -> org.hibernate.type.BasicTypeReference@70b48eb3
2025-05-09T01:07:44.976+07:00 DEBUG 16688 --- [camsbatch] [           main] org.hibernate.type.BasicTypeRegistry     : Adding type registration wrapper-binary -> org.hibernate.type.BasicTypeReference@70b48eb3
2025-05-09T01:07:44.976+07:00 DEBUG 16688 --- [camsbatch] [           main] org.hibernate.type.BasicTypeRegistry     : Adding type registration image -> org.hibernate.type.BasicTypeReference@7b8ea1db
2025-05-09T01:07:44.977+07:00 DEBUG 16688 --- [camsbatch] [           main] org.hibernate.type.BasicTypeRegistry     : Adding type registration blob -> org.hibernate.type.BasicTypeReference@a91119b
2025-05-09T01:07:44.977+07:00 DEBUG 16688 --- [camsbatch] [           main] org.hibernate.type.BasicTypeRegistry     : Adding type registration java.sql.Blob -> org.hibernate.type.BasicTypeReference@a91119b
2025-05-09T01:07:44.977+07:00 DEBUG 16688 --- [camsbatch] [           main] org.hibernate.type.BasicTypeRegistry     : Adding type registration materialized_blob -> org.hibernate.type.BasicTypeReference@77083e41
2025-05-09T01:07:44.977+07:00 DEBUG 16688 --- [camsbatch] [           main] org.hibernate.type.BasicTypeRegistry     : Adding type registration materialized_blob_wrapper -> org.hibernate.type.BasicTypeReference@231df705
2025-05-09T01:07:44.977+07:00 DEBUG 16688 --- [camsbatch] [           main] org.hibernate.type.BasicTypeRegistry     : Adding type registration short -> org.hibernate.type.BasicTypeReference@2d130ac4
2025-05-09T01:07:44.977+07:00 DEBUG 16688 --- [camsbatch] [           main] org.hibernate.type.BasicTypeRegistry     : Adding type registration short -> org.hibernate.type.BasicTypeReference@2d130ac4
2025-05-09T01:07:44.977+07:00 DEBUG 16688 --- [camsbatch] [           main] org.hibernate.type.BasicTypeRegistry     : Adding type registration java.lang.Short -> org.hibernate.type.BasicTypeReference@2d130ac4
2025-05-09T01:07:44.978+07:00 DEBUG 16688 --- [camsbatch] [           main] org.hibernate.type.BasicTypeRegistry     : Adding type registration integer -> org.hibernate.type.BasicTypeReference@2f0ccb34
2025-05-09T01:07:44.978+07:00 DEBUG 16688 --- [camsbatch] [           main] org.hibernate.type.BasicTypeRegistry     : Adding type registration int -> org.hibernate.type.BasicTypeReference@2f0ccb34
2025-05-09T01:07:44.978+07:00 DEBUG 16688 --- [camsbatch] [           main] org.hibernate.type.BasicTypeRegistry     : Adding type registration java.lang.Integer -> org.hibernate.type.BasicTypeReference@2f0ccb34
2025-05-09T01:07:44.978+07:00 DEBUG 16688 --- [camsbatch] [           main] org.hibernate.type.BasicTypeRegistry     : Adding type registration long -> org.hibernate.type.BasicTypeReference@194012a2
2025-05-09T01:07:44.978+07:00 DEBUG 16688 --- [camsbatch] [           main] org.hibernate.type.BasicTypeRegistry     : Adding type registration long -> org.hibernate.type.BasicTypeReference@194012a2
2025-05-09T01:07:44.978+07:00 DEBUG 16688 --- [camsbatch] [           main] org.hibernate.type.BasicTypeRegistry     : Adding type registration java.lang.Long -> org.hibernate.type.BasicTypeReference@194012a2
2025-05-09T01:07:44.978+07:00 DEBUG 16688 --- [camsbatch] [           main] org.hibernate.type.BasicTypeRegistry     : Adding type registration float -> org.hibernate.type.BasicTypeReference@55296b50
2025-05-09T01:07:44.979+07:00 DEBUG 16688 --- [camsbatch] [           main] org.hibernate.type.BasicTypeRegistry     : Adding type registration float -> org.hibernate.type.BasicTypeReference@55296b50
2025-05-09T01:07:44.979+07:00 DEBUG 16688 --- [camsbatch] [           main] org.hibernate.type.BasicTypeRegistry     : Adding type registration java.lang.Float -> org.hibernate.type.BasicTypeReference@55296b50
2025-05-09T01:07:44.979+07:00 DEBUG 16688 --- [camsbatch] [           main] org.hibernate.type.BasicTypeRegistry     : Adding type registration double -> org.hibernate.type.BasicTypeReference@60591e1b
2025-05-09T01:07:44.979+07:00 DEBUG 16688 --- [camsbatch] [           main] org.hibernate.type.BasicTypeRegistry     : Adding type registration double -> org.hibernate.type.BasicTypeReference@60591e1b
2025-05-09T01:07:44.979+07:00 DEBUG 16688 --- [camsbatch] [           main] org.hibernate.type.BasicTypeRegistry     : Adding type registration java.lang.Double -> org.hibernate.type.BasicTypeReference@60591e1b
2025-05-09T01:07:44.979+07:00 DEBUG 16688 --- [camsbatch] [           main] org.hibernate.type.BasicTypeRegistry     : Adding type registration big_integer -> org.hibernate.type.BasicTypeReference@29c53c4f
2025-05-09T01:07:44.979+07:00 DEBUG 16688 --- [camsbatch] [           main] org.hibernate.type.BasicTypeRegistry     : Adding type registration java.math.BigInteger -> org.hibernate.type.BasicTypeReference@29c53c4f
2025-05-09T01:07:44.979+07:00 DEBUG 16688 --- [camsbatch] [           main] org.hibernate.type.BasicTypeRegistry     : Adding type registration big_decimal -> org.hibernate.type.BasicTypeReference@3009eed7
2025-05-09T01:07:44.979+07:00 DEBUG 16688 --- [camsbatch] [           main] org.hibernate.type.BasicTypeRegistry     : Adding type registration java.math.BigDecimal -> org.hibernate.type.BasicTypeReference@3009eed7
2025-05-09T01:07:44.980+07:00 DEBUG 16688 --- [camsbatch] [           main] org.hibernate.type.BasicTypeRegistry     : Adding type registration character -> org.hibernate.type.BasicTypeReference@2ee4706d
2025-05-09T01:07:44.980+07:00 DEBUG 16688 --- [camsbatch] [           main] org.hibernate.type.BasicTypeRegistry     : Adding type registration char -> org.hibernate.type.BasicTypeReference@2ee4706d
2025-05-09T01:07:44.980+07:00 DEBUG 16688 --- [camsbatch] [           main] org.hibernate.type.BasicTypeRegistry     : Adding type registration java.lang.Character -> org.hibernate.type.BasicTypeReference@2ee4706d
2025-05-09T01:07:44.980+07:00 DEBUG 16688 --- [camsbatch] [           main] org.hibernate.type.BasicTypeRegistry     : Adding type registration character_nchar -> org.hibernate.type.BasicTypeReference@6650a6c
2025-05-09T01:07:44.980+07:00 DEBUG 16688 --- [camsbatch] [           main] org.hibernate.type.BasicTypeRegistry     : Adding type registration string -> org.hibernate.type.BasicTypeReference@64279ab
2025-05-09T01:07:44.980+07:00 DEBUG 16688 --- [camsbatch] [           main] org.hibernate.type.BasicTypeRegistry     : Adding type registration java.lang.String -> org.hibernate.type.BasicTypeReference@64279ab
2025-05-09T01:07:44.980+07:00 DEBUG 16688 --- [camsbatch] [           main] org.hibernate.type.BasicTypeRegistry     : Adding type registration nstring -> org.hibernate.type.BasicTypeReference@794240e2
2025-05-09T01:07:44.981+07:00 DEBUG 16688 --- [camsbatch] [           main] org.hibernate.type.BasicTypeRegistry     : Adding type registration characters -> org.hibernate.type.BasicTypeReference@74a820bf
2025-05-09T01:07:44.981+07:00 DEBUG 16688 --- [camsbatch] [           main] org.hibernate.type.BasicTypeRegistry     : Adding type registration char[] -> org.hibernate.type.BasicTypeReference@74a820bf
2025-05-09T01:07:44.981+07:00 DEBUG 16688 --- [camsbatch] [           main] org.hibernate.type.BasicTypeRegistry     : Adding type registration [C -> org.hibernate.type.BasicTypeReference@74a820bf
2025-05-09T01:07:44.981+07:00 DEBUG 16688 --- [camsbatch] [           main] org.hibernate.type.BasicTypeRegistry     : Adding type registration wrapper-characters -> org.hibernate.type.BasicTypeReference@5a30722c
2025-05-09T01:07:44.981+07:00 DEBUG 16688 --- [camsbatch] [           main] org.hibernate.type.BasicTypeRegistry     : Adding type registration text -> org.hibernate.type.BasicTypeReference@4f2ac7e0
2025-05-09T01:07:44.981+07:00 DEBUG 16688 --- [camsbatch] [           main] org.hibernate.type.BasicTypeRegistry     : Adding type registration ntext -> org.hibernate.type.BasicTypeReference@2484dbb7
2025-05-09T01:07:44.981+07:00 DEBUG 16688 --- [camsbatch] [           main] org.hibernate.type.BasicTypeRegistry     : Adding type registration clob -> org.hibernate.type.BasicTypeReference@111cba40
2025-05-09T01:07:44.981+07:00 DEBUG 16688 --- [camsbatch] [           main] org.hibernate.type.BasicTypeRegistry     : Adding type registration java.sql.Clob -> org.hibernate.type.BasicTypeReference@111cba40
2025-05-09T01:07:44.981+07:00 DEBUG 16688 --- [camsbatch] [           main] org.hibernate.type.BasicTypeRegistry     : Adding type registration nclob -> org.hibernate.type.BasicTypeReference@48e41b5d
2025-05-09T01:07:44.982+07:00 DEBUG 16688 --- [camsbatch] [           main] org.hibernate.type.BasicTypeRegistry     : Adding type registration java.sql.NClob -> org.hibernate.type.BasicTypeReference@48e41b5d
2025-05-09T01:07:44.982+07:00 DEBUG 16688 --- [camsbatch] [           main] org.hibernate.type.BasicTypeRegistry     : Adding type registration materialized_clob -> org.hibernate.type.BasicTypeReference@51e8d066
2025-05-09T01:07:44.982+07:00 DEBUG 16688 --- [camsbatch] [           main] org.hibernate.type.BasicTypeRegistry     : Adding type registration materialized_clob_char_array -> org.hibernate.type.BasicTypeReference@5333f08f
2025-05-09T01:07:44.982+07:00 DEBUG 16688 --- [camsbatch] [           main] org.hibernate.type.BasicTypeRegistry     : Adding type registration materialized_clob_character_array -> org.hibernate.type.BasicTypeReference@27898e13
2025-05-09T01:07:44.982+07:00 DEBUG 16688 --- [camsbatch] [           main] org.hibernate.type.BasicTypeRegistry     : Adding type registration materialized_nclob -> org.hibernate.type.BasicTypeReference@4f5f474c
2025-05-09T01:07:44.982+07:00 DEBUG 16688 --- [camsbatch] [           main] org.hibernate.type.BasicTypeRegistry     : Adding type registration materialized_nclob_character_array -> org.hibernate.type.BasicTypeReference@58a3d521
2025-05-09T01:07:44.982+07:00 DEBUG 16688 --- [camsbatch] [           main] org.hibernate.type.BasicTypeRegistry     : Adding type registration materialized_nclob_char_array -> org.hibernate.type.BasicTypeReference@14d8e132
2025-05-09T01:07:44.983+07:00 DEBUG 16688 --- [camsbatch] [           main] org.hibernate.type.BasicTypeRegistry     : Adding type registration Duration -> org.hibernate.type.BasicTypeReference@7f4a1cac
2025-05-09T01:07:44.984+07:00 DEBUG 16688 --- [camsbatch] [           main] org.hibernate.type.BasicTypeRegistry     : Adding type registration java.time.Duration -> org.hibernate.type.BasicTypeReference@7f4a1cac
2025-05-09T01:07:44.984+07:00 DEBUG 16688 --- [camsbatch] [           main] org.hibernate.type.BasicTypeRegistry     : Adding type registration LocalDateTime -> org.hibernate.type.BasicTypeReference@4a1a412e
2025-05-09T01:07:44.984+07:00 DEBUG 16688 --- [camsbatch] [           main] org.hibernate.type.BasicTypeRegistry     : Adding type registration java.time.LocalDateTime -> org.hibernate.type.BasicTypeReference@4a1a412e
2025-05-09T01:07:44.984+07:00 DEBUG 16688 --- [camsbatch] [           main] org.hibernate.type.BasicTypeRegistry     : Adding type registration LocalDate -> org.hibernate.type.BasicTypeReference@c568f91
2025-05-09T01:07:44.984+07:00 DEBUG 16688 --- [camsbatch] [           main] org.hibernate.type.BasicTypeRegistry     : Adding type registration java.time.LocalDate -> org.hibernate.type.BasicTypeReference@c568f91
2025-05-09T01:07:44.984+07:00 DEBUG 16688 --- [camsbatch] [           main] org.hibernate.type.BasicTypeRegistry     : Adding type registration LocalTime -> org.hibernate.type.BasicTypeReference@5fd43e58
2025-05-09T01:07:44.984+07:00 DEBUG 16688 --- [camsbatch] [           main] org.hibernate.type.BasicTypeRegistry     : Adding type registration java.time.LocalTime -> org.hibernate.type.BasicTypeReference@5fd43e58
2025-05-09T01:07:44.984+07:00 DEBUG 16688 --- [camsbatch] [           main] org.hibernate.type.BasicTypeRegistry     : Adding type registration OffsetDateTime -> org.hibernate.type.BasicTypeReference@70d4f672
2025-05-09T01:07:44.984+07:00 DEBUG 16688 --- [camsbatch] [           main] org.hibernate.type.BasicTypeRegistry     : Adding type registration java.time.OffsetDateTime -> org.hibernate.type.BasicTypeReference@70d4f672
2025-05-09T01:07:44.985+07:00 DEBUG 16688 --- [camsbatch] [           main] org.hibernate.type.BasicTypeRegistry     : Adding type registration OffsetDateTimeWithTimezone -> org.hibernate.type.BasicTypeReference@68dfda77
2025-05-09T01:07:44.985+07:00 DEBUG 16688 --- [camsbatch] [           main] org.hibernate.type.BasicTypeRegistry     : Adding type registration OffsetDateTimeWithoutTimezone -> org.hibernate.type.BasicTypeReference@50cdfafa
2025-05-09T01:07:44.985+07:00 DEBUG 16688 --- [camsbatch] [           main] org.hibernate.type.BasicTypeRegistry     : Adding type registration OffsetTime -> org.hibernate.type.BasicTypeReference@2e952845
2025-05-09T01:07:44.985+07:00 DEBUG 16688 --- [camsbatch] [           main] org.hibernate.type.BasicTypeRegistry     : Adding type registration java.time.OffsetTime -> org.hibernate.type.BasicTypeReference@2e952845
2025-05-09T01:07:44.985+07:00 DEBUG 16688 --- [camsbatch] [           main] org.hibernate.type.BasicTypeRegistry     : Adding type registration OffsetTimeUtc -> org.hibernate.type.BasicTypeReference@79252c83
2025-05-09T01:07:44.985+07:00 DEBUG 16688 --- [camsbatch] [           main] org.hibernate.type.BasicTypeRegistry     : Adding type registration OffsetTimeWithTimezone -> org.hibernate.type.BasicTypeReference@6fbf5db2
2025-05-09T01:07:44.985+07:00 DEBUG 16688 --- [camsbatch] [           main] org.hibernate.type.BasicTypeRegistry     : Adding type registration OffsetTimeWithoutTimezone -> org.hibernate.type.BasicTypeReference@509a6095
2025-05-09T01:07:44.985+07:00 DEBUG 16688 --- [camsbatch] [           main] org.hibernate.type.BasicTypeRegistry     : Adding type registration ZonedDateTime -> org.hibernate.type.BasicTypeReference@57cabdc3
2025-05-09T01:07:44.985+07:00 DEBUG 16688 --- [camsbatch] [           main] org.hibernate.type.BasicTypeRegistry     : Adding type registration java.time.ZonedDateTime -> org.hibernate.type.BasicTypeReference@57cabdc3
2025-05-09T01:07:44.986+07:00 DEBUG 16688 --- [camsbatch] [           main] org.hibernate.type.BasicTypeRegistry     : Adding type registration ZonedDateTimeWithTimezone -> org.hibernate.type.BasicTypeReference@75bd28d
2025-05-09T01:07:44.986+07:00 DEBUG 16688 --- [camsbatch] [           main] org.hibernate.type.BasicTypeRegistry     : Adding type registration ZonedDateTimeWithoutTimezone -> org.hibernate.type.BasicTypeReference@129c4d19
2025-05-09T01:07:44.986+07:00 DEBUG 16688 --- [camsbatch] [           main] org.hibernate.type.BasicTypeRegistry     : Adding type registration date -> org.hibernate.type.BasicTypeReference@11810917
2025-05-09T01:07:44.986+07:00 DEBUG 16688 --- [camsbatch] [           main] org.hibernate.type.BasicTypeRegistry     : Adding type registration java.sql.Date -> org.hibernate.type.BasicTypeReference@11810917
2025-05-09T01:07:44.986+07:00 DEBUG 16688 --- [camsbatch] [           main] org.hibernate.type.BasicTypeRegistry     : Adding type registration time -> org.hibernate.type.BasicTypeReference@13278a41
2025-05-09T01:07:44.986+07:00 DEBUG 16688 --- [camsbatch] [           main] org.hibernate.type.BasicTypeRegistry     : Adding type registration java.sql.Time -> org.hibernate.type.BasicTypeReference@13278a41
2025-05-09T01:07:44.986+07:00 DEBUG 16688 --- [camsbatch] [           main] org.hibernate.type.BasicTypeRegistry     : Adding type registration timestamp -> org.hibernate.type.BasicTypeReference@4a31ed12
2025-05-09T01:07:44.986+07:00 DEBUG 16688 --- [camsbatch] [           main] org.hibernate.type.BasicTypeRegistry     : Adding type registration java.sql.Timestamp -> org.hibernate.type.BasicTypeReference@4a31ed12
2025-05-09T01:07:44.986+07:00 DEBUG 16688 --- [camsbatch] [           main] org.hibernate.type.BasicTypeRegistry     : Adding type registration java.util.Date -> org.hibernate.type.BasicTypeReference@4a31ed12
2025-05-09T01:07:44.986+07:00 DEBUG 16688 --- [camsbatch] [           main] org.hibernate.type.BasicTypeRegistry     : Adding type registration calendar -> org.hibernate.type.BasicTypeReference@3ab595c8
2025-05-09T01:07:44.986+07:00 DEBUG 16688 --- [camsbatch] [           main] org.hibernate.type.BasicTypeRegistry     : Adding type registration java.util.Calendar -> org.hibernate.type.BasicTypeReference@3ab595c8
2025-05-09T01:07:44.987+07:00 DEBUG 16688 --- [camsbatch] [           main] org.hibernate.type.BasicTypeRegistry     : Adding type registration java.util.GregorianCalendar -> org.hibernate.type.BasicTypeReference@3ab595c8
2025-05-09T01:07:44.987+07:00 DEBUG 16688 --- [camsbatch] [           main] org.hibernate.type.BasicTypeRegistry     : Adding type registration calendar_date -> org.hibernate.type.BasicTypeReference@2365ea38
2025-05-09T01:07:44.987+07:00 DEBUG 16688 --- [camsbatch] [           main] org.hibernate.type.BasicTypeRegistry     : Adding type registration calendar_time -> org.hibernate.type.BasicTypeReference@cbf1997
2025-05-09T01:07:44.987+07:00 DEBUG 16688 --- [camsbatch] [           main] org.hibernate.type.BasicTypeRegistry     : Adding type registration instant -> org.hibernate.type.BasicTypeReference@49232c6f
2025-05-09T01:07:44.987+07:00 DEBUG 16688 --- [camsbatch] [           main] org.hibernate.type.BasicTypeRegistry     : Adding type registration java.time.Instant -> org.hibernate.type.BasicTypeReference@49232c6f
2025-05-09T01:07:44.987+07:00 DEBUG 16688 --- [camsbatch] [           main] org.hibernate.type.BasicTypeRegistry     : Adding type registration uuid -> org.hibernate.type.BasicTypeReference@5faeeb56
2025-05-09T01:07:44.987+07:00 DEBUG 16688 --- [camsbatch] [           main] org.hibernate.type.BasicTypeRegistry     : Adding type registration java.util.UUID -> org.hibernate.type.BasicTypeReference@5faeeb56
2025-05-09T01:07:44.988+07:00 DEBUG 16688 --- [camsbatch] [           main] org.hibernate.type.BasicTypeRegistry     : Adding type registration pg-uuid -> org.hibernate.type.BasicTypeReference@5faeeb56
2025-05-09T01:07:44.988+07:00 DEBUG 16688 --- [camsbatch] [           main] org.hibernate.type.BasicTypeRegistry     : Adding type registration uuid-binary -> org.hibernate.type.BasicTypeReference@5396eeb1
2025-05-09T01:07:44.988+07:00 DEBUG 16688 --- [camsbatch] [           main] org.hibernate.type.BasicTypeRegistry     : Adding type registration uuid-char -> org.hibernate.type.BasicTypeReference@279126f5
2025-05-09T01:07:44.989+07:00 DEBUG 16688 --- [camsbatch] [           main] org.hibernate.type.BasicTypeRegistry     : Adding type registration class -> org.hibernate.type.BasicTypeReference@7781263c
2025-05-09T01:07:44.989+07:00 DEBUG 16688 --- [camsbatch] [           main] org.hibernate.type.BasicTypeRegistry     : Adding type registration java.lang.Class -> org.hibernate.type.BasicTypeReference@7781263c
2025-05-09T01:07:44.989+07:00 DEBUG 16688 --- [camsbatch] [           main] org.hibernate.type.BasicTypeRegistry     : Adding type registration currency -> org.hibernate.type.BasicTypeReference@5fdd97c1
2025-05-09T01:07:44.989+07:00 DEBUG 16688 --- [camsbatch] [           main] org.hibernate.type.BasicTypeRegistry     : Adding type registration Currency -> org.hibernate.type.BasicTypeReference@5fdd97c1
2025-05-09T01:07:44.990+07:00 DEBUG 16688 --- [camsbatch] [           main] org.hibernate.type.BasicTypeRegistry     : Adding type registration java.util.Currency -> org.hibernate.type.BasicTypeReference@5fdd97c1
2025-05-09T01:07:44.990+07:00 DEBUG 16688 --- [camsbatch] [           main] org.hibernate.type.BasicTypeRegistry     : Adding type registration locale -> org.hibernate.type.BasicTypeReference@3b5a19ed
2025-05-09T01:07:44.990+07:00 DEBUG 16688 --- [camsbatch] [           main] org.hibernate.type.BasicTypeRegistry     : Adding type registration java.util.Locale -> org.hibernate.type.BasicTypeReference@3b5a19ed
2025-05-09T01:07:44.990+07:00 DEBUG 16688 --- [camsbatch] [           main] org.hibernate.type.BasicTypeRegistry     : Adding type registration serializable -> org.hibernate.type.BasicTypeReference@15d236fd
2025-05-09T01:07:44.990+07:00 DEBUG 16688 --- [camsbatch] [           main] org.hibernate.type.BasicTypeRegistry     : Adding type registration java.io.Serializable -> org.hibernate.type.BasicTypeReference@15d236fd
2025-05-09T01:07:44.990+07:00 DEBUG 16688 --- [camsbatch] [           main] org.hibernate.type.BasicTypeRegistry     : Adding type registration timezone -> org.hibernate.type.BasicTypeReference@6b9c42bd
2025-05-09T01:07:44.990+07:00 DEBUG 16688 --- [camsbatch] [           main] org.hibernate.type.BasicTypeRegistry     : Adding type registration java.util.TimeZone -> org.hibernate.type.BasicTypeReference@6b9c42bd
2025-05-09T01:07:44.991+07:00 DEBUG 16688 --- [camsbatch] [           main] org.hibernate.type.BasicTypeRegistry     : Adding type registration ZoneOffset -> org.hibernate.type.BasicTypeReference@584ca390
2025-05-09T01:07:44.991+07:00 DEBUG 16688 --- [camsbatch] [           main] org.hibernate.type.BasicTypeRegistry     : Adding type registration java.time.ZoneOffset -> org.hibernate.type.BasicTypeReference@584ca390
2025-05-09T01:07:44.991+07:00 DEBUG 16688 --- [camsbatch] [           main] org.hibernate.type.BasicTypeRegistry     : Adding type registration url -> org.hibernate.type.BasicTypeReference@33324c05
2025-05-09T01:07:44.991+07:00 DEBUG 16688 --- [camsbatch] [           main] org.hibernate.type.BasicTypeRegistry     : Adding type registration java.net.URL -> org.hibernate.type.BasicTypeReference@33324c05
2025-05-09T01:07:44.991+07:00 DEBUG 16688 --- [camsbatch] [           main] org.hibernate.type.BasicTypeRegistry     : Adding type registration vector -> org.hibernate.type.BasicTypeReference@37d3e140
2025-05-09T01:07:44.991+07:00 DEBUG 16688 --- [camsbatch] [           main] org.hibernate.type.BasicTypeRegistry     : Adding type registration float_vector -> org.hibernate.type.BasicTypeReference@3e53c4ad
2025-05-09T01:07:44.991+07:00 DEBUG 16688 --- [camsbatch] [           main] org.hibernate.type.BasicTypeRegistry     : Adding type registration double_vector -> org.hibernate.type.BasicTypeReference@33eb0d4
2025-05-09T01:07:44.991+07:00 DEBUG 16688 --- [camsbatch] [           main] org.hibernate.type.BasicTypeRegistry     : Adding type registration byte_vector -> org.hibernate.type.BasicTypeReference@224d86d2
2025-05-09T01:07:44.991+07:00 DEBUG 16688 --- [camsbatch] [           main] org.hibernate.type.BasicTypeRegistry     : Adding type registration row_version -> org.hibernate.type.BasicTypeReference@a3cba3a
2025-05-09T01:07:44.998+07:00 DEBUG 16688 --- [camsbatch] [           main] org.hibernate.type.BasicTypeRegistry     : Adding type registration object -> org.hibernate.type.JavaObjectType@20256a0b
2025-05-09T01:07:44.999+07:00 DEBUG 16688 --- [camsbatch] [           main] org.hibernate.type.BasicTypeRegistry     : Adding type registration java.lang.Object -> org.hibernate.type.JavaObjectType@20256a0b
2025-05-09T01:07:45.009+07:00 DEBUG 16688 --- [camsbatch] [           main] org.hibernate.type.BasicTypeRegistry     : Adding type registration null -> org.hibernate.type.NullType@5e193ef5
2025-05-09T01:07:45.010+07:00 DEBUG 16688 --- [camsbatch] [           main] org.hibernate.type.BasicTypeRegistry     : Adding type registration imm_date -> org.hibernate.type.BasicTypeReference@106c988
2025-05-09T01:07:45.010+07:00 DEBUG 16688 --- [camsbatch] [           main] org.hibernate.type.BasicTypeRegistry     : Adding type registration imm_time -> org.hibernate.type.BasicTypeReference@21274afe
2025-05-09T01:07:45.010+07:00 DEBUG 16688 --- [camsbatch] [           main] org.hibernate.type.BasicTypeRegistry     : Adding type registration imm_timestamp -> org.hibernate.type.BasicTypeReference@76a362a4
2025-05-09T01:07:45.010+07:00 DEBUG 16688 --- [camsbatch] [           main] org.hibernate.type.BasicTypeRegistry     : Adding type registration imm_calendar -> org.hibernate.type.BasicTypeReference@61da0413
2025-05-09T01:07:45.010+07:00 DEBUG 16688 --- [camsbatch] [           main] org.hibernate.type.BasicTypeRegistry     : Adding type registration imm_calendar_date -> org.hibernate.type.BasicTypeReference@5627cb29
2025-05-09T01:07:45.010+07:00 DEBUG 16688 --- [camsbatch] [           main] org.hibernate.type.BasicTypeRegistry     : Adding type registration imm_calendar_time -> org.hibernate.type.BasicTypeReference@4d4c1ba9
2025-05-09T01:07:45.010+07:00 DEBUG 16688 --- [camsbatch] [           main] org.hibernate.type.BasicTypeRegistry     : Adding type registration imm_binary -> org.hibernate.type.BasicTypeReference@2017f6e6
2025-05-09T01:07:45.011+07:00 DEBUG 16688 --- [camsbatch] [           main] org.hibernate.type.BasicTypeRegistry     : Adding type registration imm_serializable -> org.hibernate.type.BasicTypeReference@115c946b
2025-05-09T01:07:45.019+07:00 DEBUG 16688 --- [camsbatch] [           main] o.h.boot.internal.BootstrapContextImpl   : Injecting JPA temp ClassLoader [org.springframework.instrument.classloading.SimpleThrowawayClassLoader@7d484fcd] into BootstrapContext; was [null]
2025-05-09T01:07:45.019+07:00 DEBUG 16688 --- [camsbatch] [           main] o.h.boot.internal.ClassLoaderAccessImpl  : ClassLoaderAccessImpl#injectTempClassLoader(org.springframework.instrument.classloading.SimpleThrowawayClassLoader@7d484fcd) [was null]
2025-05-09T01:07:45.019+07:00 DEBUG 16688 --- [camsbatch] [           main] o.h.boot.internal.BootstrapContextImpl   : Injecting ScanEnvironment [org.hibernate.jpa.boot.internal.StandardJpaScanEnvironmentImpl@712e787e] into BootstrapContext; was [null]
2025-05-09T01:07:45.020+07:00 DEBUG 16688 --- [camsbatch] [           main] o.h.boot.internal.BootstrapContextImpl   : Injecting ScanOptions [org.hibernate.boot.archive.scan.internal.StandardScanOptions@53ea380b] into BootstrapContext; was [org.hibernate.boot.archive.scan.internal.StandardScanOptions@578c3fd9]
2025-05-09T01:07:45.062+07:00 DEBUG 16688 --- [camsbatch] [           main] o.h.j.b.i.PersistenceUnitInfoDescriptor  : Pushing class transformers for PU named 'default' on loading classloader jdk.internal.loader.ClassLoaders$AppClassLoader@c387f44
2025-05-09T01:07:45.632+07:00  INFO 16688 --- [camsbatch] [           main] o.s.o.j.p.SpringPersistenceUnitInfo      : No LoadTimeWeaver setup: ignoring JPA class transformer
2025-05-09T01:07:45.632+07:00 DEBUG 16688 --- [camsbatch] [           main] o.h.boot.internal.BootstrapContextImpl   : Injecting JPA temp ClassLoader [null] into BootstrapContext; was [org.springframework.instrument.classloading.SimpleThrowawayClassLoader@7d484fcd]
2025-05-09T01:07:45.632+07:00 DEBUG 16688 --- [camsbatch] [           main] o.h.boot.internal.ClassLoaderAccessImpl  : ClassLoaderAccessImpl#injectTempClassLoader(null) [was org.springframework.instrument.classloading.SimpleThrowawayClassLoader@7d484fcd]
2025-05-09T01:07:45.706+07:00 DEBUG 16688 --- [camsbatch] [           main] o.h.e.j.e.i.JdbcEnvironmentInitiator     : Database ->
	   name : PostgreSQL
	version : 11.2
	  major : 11
	  minor : 2
2025-05-09T01:07:45.706+07:00 DEBUG 16688 --- [camsbatch] [           main] o.h.e.j.e.i.JdbcEnvironmentInitiator     : Driver ->
	   name : PostgreSQL JDBC Driver
	version : 42.7.5
	  major : 42
	  minor : 7
2025-05-09T01:07:45.707+07:00 DEBUG 16688 --- [camsbatch] [           main] o.h.e.j.e.i.JdbcEnvironmentInitiator     : JDBC version : 4.2
2025-05-09T01:07:45.740+07:00  WARN 16688 --- [camsbatch] [           main] org.hibernate.dialect.Dialect            : HHH000511: The 11.2.0 version for [org.hibernate.dialect.PostgreSQLDialect] is no longer supported, hence certain features may not work properly. The minimum supported version is 12.0.0. Check the community dialects project for available legacy versions.
2025-05-09T01:07:45.749+07:00  WARN 16688 --- [camsbatch] [           main] org.hibernate.orm.deprecation            : HHH90000025: PostgreSQLDialect does not need to be specified explicitly using 'hibernate.dialect' (remove the property setting and it will be selected by default)
2025-05-09T01:07:45.754+07:00 DEBUG 16688 --- [camsbatch] [           main] org.hibernate.orm.dialect                : HHH035001: Using dialect: org.hibernate.dialect.PostgreSQLDialect, version: 11.2
2025-05-09T01:07:45.762+07:00 DEBUG 16688 --- [camsbatch] [           main] o.h.e.j.env.spi.IdentifierHelperBuilder  : JDBC driver metadata reported database stores quoted identifiers in neither upper, lower nor mixed case
2025-05-09T01:07:45.772+07:00 DEBUG 16688 --- [camsbatch] [           main] org.hibernate.orm.jdbc.lob               : HHH10010004: Disabling contextual LOB creation as Dialect reported it is not supported
2025-05-09T01:07:45.781+07:00  INFO 16688 --- [camsbatch] [           main] org.hibernate.orm.connections.pooling    : HHH10001005: Database info:
	Database JDBC URL [Connecting through datasource 'HikariDataSource (HikariPool-1)']
	Database driver: undefined/unknown
	Database version: 11.2
	Autocommit mode: undefined/unknown
	Isolation level: undefined/unknown
	Minimum pool size: undefined/unknown
	Maximum pool size: undefined/unknown
2025-05-09T01:07:45.796+07:00 DEBUG 16688 --- [camsbatch] [           main] o.h.t.d.sql.spi.DdlTypeRegistry          : addDescriptor(2003, org.hibernate.type.descriptor.sql.internal.ArrayDdlTypeImpl@2a120c88) replaced previous registration(org.hibernate.type.descriptor.sql.internal.ArrayDdlTypeImpl@285bf5ac)
2025-05-09T01:07:45.797+07:00 DEBUG 16688 --- [camsbatch] [           main] o.h.t.d.sql.spi.DdlTypeRegistry          : addDescriptor(6, org.hibernate.type.descriptor.sql.internal.CapacityDependentDdlType@3739f3c9) replaced previous registration(org.hibernate.type.descriptor.sql.internal.DdlTypeImpl@7ab2ba47)
2025-05-09T01:07:45.799+07:00 DEBUG 16688 --- [camsbatch] [           main] o.h.t.d.jdbc.spi.JdbcTypeRegistry        : addDescriptor(2004, BlobTypeDescriptor(BLOB_BINDING)) replaced previous registration(BlobTypeDescriptor(DEFAULT))
2025-05-09T01:07:45.799+07:00 DEBUG 16688 --- [camsbatch] [           main] o.h.t.d.jdbc.spi.JdbcTypeRegistry        : addDescriptor(2005, ClobTypeDescriptor(CLOB_BINDING)) replaced previous registration(ClobTypeDescriptor(DEFAULT))
2025-05-09T01:07:45.813+07:00 DEBUG 16688 --- [camsbatch] [           main] org.hibernate.type.BasicTypeRegistry     : Adding type registration JAVA_OBJECT -> org.hibernate.type.JavaObjectType@71ad959b
2025-05-09T01:07:45.813+07:00 DEBUG 16688 --- [camsbatch] [           main] org.hibernate.type.BasicTypeRegistry     : Adding type registration java.lang.Object -> org.hibernate.type.JavaObjectType@71ad959b
2025-05-09T01:07:45.814+07:00 DEBUG 16688 --- [camsbatch] [           main] org.hibernate.type.BasicTypeRegistry     : Type registration key [java.lang.Object] overrode previous entry : `org.hibernate.type.JavaObjectType@20256a0b`
2025-05-09T01:07:45.820+07:00 DEBUG 16688 --- [camsbatch] [           main] org.hibernate.type.BasicTypeRegistry     : Adding type registration org.hibernate.type.DurationType -> basicType@1(java.time.Duration,3015)
2025-05-09T01:07:45.821+07:00 DEBUG 16688 --- [camsbatch] [           main] org.hibernate.type.BasicTypeRegistry     : Adding type registration Duration -> basicType@1(java.time.Duration,3015)
2025-05-09T01:07:45.821+07:00 DEBUG 16688 --- [camsbatch] [           main] org.hibernate.type.BasicTypeRegistry     : Adding type registration java.time.Duration -> basicType@1(java.time.Duration,3015)
2025-05-09T01:07:45.853+07:00 DEBUG 16688 --- [camsbatch] [           main] org.hibernate.type.BasicTypeRegistry     : Adding type registration org.hibernate.type.OffsetDateTimeType -> basicType@2(java.time.OffsetDateTime,3003)
2025-05-09T01:07:45.853+07:00 DEBUG 16688 --- [camsbatch] [           main] org.hibernate.type.BasicTypeRegistry     : Adding type registration OffsetDateTime -> basicType@2(java.time.OffsetDateTime,3003)
2025-05-09T01:07:45.854+07:00 DEBUG 16688 --- [camsbatch] [           main] org.hibernate.type.BasicTypeRegistry     : Adding type registration java.time.OffsetDateTime -> basicType@2(java.time.OffsetDateTime,3003)
2025-05-09T01:07:45.854+07:00 DEBUG 16688 --- [camsbatch] [           main] org.hibernate.type.BasicTypeRegistry     : Adding type registration org.hibernate.type.ZonedDateTimeType -> basicType@3(java.time.ZonedDateTime,3003)
2025-05-09T01:07:45.854+07:00 DEBUG 16688 --- [camsbatch] [           main] org.hibernate.type.BasicTypeRegistry     : Adding type registration ZonedDateTime -> basicType@3(java.time.ZonedDateTime,3003)
2025-05-09T01:07:45.854+07:00 DEBUG 16688 --- [camsbatch] [           main] org.hibernate.type.BasicTypeRegistry     : Adding type registration java.time.ZonedDateTime -> basicType@3(java.time.ZonedDateTime,3003)
2025-05-09T01:07:45.855+07:00 DEBUG 16688 --- [camsbatch] [           main] org.hibernate.type.BasicTypeRegistry     : Adding type registration org.hibernate.type.OffsetTimeType -> basicType@4(java.time.OffsetTime,3007)
2025-05-09T01:07:45.855+07:00 DEBUG 16688 --- [camsbatch] [           main] org.hibernate.type.BasicTypeRegistry     : Adding type registration OffsetTime -> basicType@4(java.time.OffsetTime,3007)
2025-05-09T01:07:45.855+07:00 DEBUG 16688 --- [camsbatch] [           main] org.hibernate.type.BasicTypeRegistry     : Adding type registration java.time.OffsetTime -> basicType@4(java.time.OffsetTime,3007)
2025-05-09T01:07:45.857+07:00 DEBUG 16688 --- [camsbatch] [           main] o.h.type.spi.TypeConfiguration$Scope     : Scoping TypeConfiguration [org.hibernate.type.spi.TypeConfiguration@2c7ad4f3] to MetadataBuildingContext [org.hibernate.boot.internal.MetadataBuildingContextRootImpl@698f4aa]
2025-05-09T01:07:45.945+07:00 DEBUG 16688 --- [camsbatch] [           main] o.h.boot.model.relational.Namespace      : Created database namespace [logicalName=Name{catalog=null, schema=null}, physicalName=Name{catalog=null, schema=null}]
2025-05-09T01:07:45.978+07:00 DEBUG 16688 --- [camsbatch] [           main] o.h.boot.model.internal.EntityBinder     : Binding entity from annotated class: id.co.bca.camsbatch.model.Customer
2025-05-09T01:07:45.986+07:00 DEBUG 16688 --- [camsbatch] [           main] o.h.boot.model.internal.EntityBinder     : Import with entity name Customer
2025-05-09T01:07:45.992+07:00 DEBUG 16688 --- [camsbatch] [           main] o.h.boot.model.relational.Namespace      : Created database namespace [logicalName=Name{catalog=null, schema=cros}, physicalName=Name{catalog=null, schema=cros}]
2025-05-09T01:07:45.998+07:00 DEBUG 16688 --- [camsbatch] [           main] o.h.boot.model.internal.EntityBinder     : Bind entity id.co.bca.camsbatch.model.Customer on table customer
2025-05-09T01:07:46.013+07:00 DEBUG 16688 --- [camsbatch] [           main] o.h.boot.model.internal.AnnotatedColumn  : Binding column: AnnotatedDiscriminatorColumn(column='DTYPE')
2025-05-09T01:07:46.045+07:00 DEBUG 16688 --- [camsbatch] [           main] o.h.boot.model.internal.AnnotatedColumn  : Binding column: AnnotatedColumn()
2025-05-09T01:07:46.047+07:00 DEBUG 16688 --- [camsbatch] [           main] o.h.boot.internal.ClassLoaderAccessImpl  : Not known whether passed class name [id.co.bca.camsbatch.model.Customer] is safe
2025-05-09T01:07:46.048+07:00 DEBUG 16688 --- [camsbatch] [           main] o.h.boot.internal.ClassLoaderAccessImpl  : No temp ClassLoader provided; using live ClassLoader for loading potentially unsafe class : id.co.bca.camsbatch.model.Customer
2025-05-09T01:07:46.052+07:00 DEBUG 16688 --- [camsbatch] [           main] o.h.boot.model.internal.PropertyBinder   : MetadataSourceProcessor property id with lazy=false
2025-05-09T01:07:46.071+07:00 DEBUG 16688 --- [camsbatch] [           main] o.h.b.m.internal.AbstractPropertyHolder  : Attempting to locate auto-apply AttributeConverter for property [id.co.bca.camsbatch.model.Customer:id]
2025-05-09T01:07:46.077+07:00 DEBUG 16688 --- [camsbatch] [           main] o.h.b.model.internal.BasicValueBinder    : building BasicValue for id
2025-05-09T01:07:46.082+07:00 DEBUG 16688 --- [camsbatch] [           main] org.hibernate.mapping.BasicValue         : Skipping column re-registration: customer.id
2025-05-09T01:07:46.083+07:00 DEBUG 16688 --- [camsbatch] [           main] o.h.boot.model.internal.PropertyBinder   : Building property id
2025-05-09T01:07:46.088+07:00 DEBUG 16688 --- [camsbatch] [           main] o.h.boot.model.internal.BinderHelper     : #makeIdGenerator(BasicValue([Column(id)]), id, identity, , ...)
2025-05-09T01:07:46.095+07:00 DEBUG 16688 --- [camsbatch] [           main] o.h.boot.model.internal.AnnotatedColumn  : Binding column: AnnotatedColumn()
2025-05-09T01:07:46.095+07:00 DEBUG 16688 --- [camsbatch] [           main] o.h.boot.model.internal.PropertyBinder   : MetadataSourceProcessor property email with lazy=false
2025-05-09T01:07:46.096+07:00 DEBUG 16688 --- [camsbatch] [           main] o.h.b.m.internal.AbstractPropertyHolder  : Attempting to locate auto-apply AttributeConverter for property [id.co.bca.camsbatch.model.Customer:email]
2025-05-09T01:07:46.096+07:00 DEBUG 16688 --- [camsbatch] [           main] o.h.b.model.internal.BasicValueBinder    : building BasicValue for email
2025-05-09T01:07:46.096+07:00 DEBUG 16688 --- [camsbatch] [           main] org.hibernate.mapping.BasicValue         : Skipping column re-registration: customer.email
2025-05-09T01:07:46.096+07:00 DEBUG 16688 --- [camsbatch] [           main] o.h.boot.model.internal.PropertyBinder   : Building property email
2025-05-09T01:07:46.097+07:00 DEBUG 16688 --- [camsbatch] [           main] o.h.boot.model.internal.AnnotatedColumn  : Binding column: AnnotatedColumn()
2025-05-09T01:07:46.098+07:00 DEBUG 16688 --- [camsbatch] [           main] o.h.boot.model.internal.PropertyBinder   : MetadataSourceProcessor property firstName with lazy=false
2025-05-09T01:07:46.098+07:00 DEBUG 16688 --- [camsbatch] [           main] o.h.b.m.internal.AbstractPropertyHolder  : Attempting to locate auto-apply AttributeConverter for property [id.co.bca.camsbatch.model.Customer:firstName]
2025-05-09T01:07:46.098+07:00 DEBUG 16688 --- [camsbatch] [           main] o.h.b.model.internal.BasicValueBinder    : building BasicValue for firstName
2025-05-09T01:07:46.098+07:00 DEBUG 16688 --- [camsbatch] [           main] org.hibernate.mapping.BasicValue         : Skipping column re-registration: customer.first_name
2025-05-09T01:07:46.098+07:00 DEBUG 16688 --- [camsbatch] [           main] o.h.boot.model.internal.PropertyBinder   : Building property firstName
2025-05-09T01:07:46.098+07:00 DEBUG 16688 --- [camsbatch] [           main] o.h.boot.model.internal.AnnotatedColumn  : Binding column: AnnotatedColumn()
2025-05-09T01:07:46.099+07:00 DEBUG 16688 --- [camsbatch] [           main] o.h.boot.model.internal.PropertyBinder   : MetadataSourceProcessor property lastName with lazy=false
2025-05-09T01:07:46.099+07:00 DEBUG 16688 --- [camsbatch] [           main] o.h.b.m.internal.AbstractPropertyHolder  : Attempting to locate auto-apply AttributeConverter for property [id.co.bca.camsbatch.model.Customer:lastName]
2025-05-09T01:07:46.099+07:00 DEBUG 16688 --- [camsbatch] [           main] o.h.b.model.internal.BasicValueBinder    : building BasicValue for lastName
2025-05-09T01:07:46.099+07:00 DEBUG 16688 --- [camsbatch] [           main] org.hibernate.mapping.BasicValue         : Skipping column re-registration: customer.last_name
2025-05-09T01:07:46.099+07:00 DEBUG 16688 --- [camsbatch] [           main] o.h.boot.model.internal.PropertyBinder   : Building property lastName
2025-05-09T01:07:46.100+07:00 DEBUG 16688 --- [camsbatch] [           main] o.h.b.r.c.i.ClassLoaderServiceImpl       : HHH000194: Package not found or no package-info.java: id.co.bca.camsbatch.model
2025-05-09T01:07:46.118+07:00 DEBUG 16688 --- [camsbatch] [           main] o.h.boot.model.internal.EntityBinder     : Binding entity from annotated class: id.co.bca.camsbatch.model.Order
2025-05-09T01:07:46.119+07:00 DEBUG 16688 --- [camsbatch] [           main] o.h.boot.model.internal.EntityBinder     : Import with entity name Order
2025-05-09T01:07:46.119+07:00 DEBUG 16688 --- [camsbatch] [           main] o.h.boot.model.internal.EntityBinder     : Bind entity id.co.bca.camsbatch.model.Order on table order
2025-05-09T01:07:46.119+07:00 DEBUG 16688 --- [camsbatch] [           main] o.h.boot.model.internal.AnnotatedColumn  : Binding column: AnnotatedDiscriminatorColumn(column='DTYPE')
2025-05-09T01:07:46.120+07:00 DEBUG 16688 --- [camsbatch] [           main] o.h.boot.model.internal.AnnotatedColumn  : Binding column: AnnotatedColumn()
2025-05-09T01:07:46.120+07:00 DEBUG 16688 --- [camsbatch] [           main] o.h.boot.internal.ClassLoaderAccessImpl  : Not known whether passed class name [id.co.bca.camsbatch.model.Order] is safe
2025-05-09T01:07:46.120+07:00 DEBUG 16688 --- [camsbatch] [           main] o.h.boot.internal.ClassLoaderAccessImpl  : No temp ClassLoader provided; using live ClassLoader for loading potentially unsafe class : id.co.bca.camsbatch.model.Order
2025-05-09T01:07:46.121+07:00 DEBUG 16688 --- [camsbatch] [           main] o.h.boot.model.internal.PropertyBinder   : MetadataSourceProcessor property id with lazy=false
2025-05-09T01:07:46.121+07:00 DEBUG 16688 --- [camsbatch] [           main] o.h.b.m.internal.AbstractPropertyHolder  : Attempting to locate auto-apply AttributeConverter for property [id.co.bca.camsbatch.model.Order:id]
2025-05-09T01:07:46.121+07:00 DEBUG 16688 --- [camsbatch] [           main] o.h.b.model.internal.BasicValueBinder    : building BasicValue for id
2025-05-09T01:07:46.121+07:00 DEBUG 16688 --- [camsbatch] [           main] org.hibernate.mapping.BasicValue         : Skipping column re-registration: order.id
2025-05-09T01:07:46.121+07:00 DEBUG 16688 --- [camsbatch] [           main] o.h.boot.model.internal.PropertyBinder   : Building property id
2025-05-09T01:07:46.121+07:00 DEBUG 16688 --- [camsbatch] [           main] o.h.boot.model.internal.BinderHelper     : #makeIdGenerator(BasicValue([Column(id)]), id, identity, , ...)
2025-05-09T01:07:46.121+07:00 DEBUG 16688 --- [camsbatch] [           main] o.h.boot.model.internal.AnnotatedColumn  : Binding column: AnnotatedColumn()
2025-05-09T01:07:46.121+07:00 DEBUG 16688 --- [camsbatch] [           main] o.h.boot.model.internal.PropertyBinder   : MetadataSourceProcessor property customerName with lazy=false
2025-05-09T01:07:46.121+07:00 DEBUG 16688 --- [camsbatch] [           main] o.h.b.m.internal.AbstractPropertyHolder  : Attempting to locate auto-apply AttributeConverter for property [id.co.bca.camsbatch.model.Order:customerName]
2025-05-09T01:07:46.121+07:00 DEBUG 16688 --- [camsbatch] [           main] o.h.b.model.internal.BasicValueBinder    : building BasicValue for customerName
2025-05-09T01:07:46.121+07:00 DEBUG 16688 --- [camsbatch] [           main] org.hibernate.mapping.BasicValue         : Skipping column re-registration: order.customer_name
2025-05-09T01:07:46.122+07:00 DEBUG 16688 --- [camsbatch] [           main] o.h.boot.model.internal.PropertyBinder   : Building property customerName
2025-05-09T01:07:46.122+07:00 DEBUG 16688 --- [camsbatch] [           main] o.h.boot.model.internal.AnnotatedColumn  : Binding column: AnnotatedColumn()
2025-05-09T01:07:46.122+07:00 DEBUG 16688 --- [camsbatch] [           main] o.h.boot.model.internal.PropertyBinder   : MetadataSourceProcessor property orderDate with lazy=false
2025-05-09T01:07:46.122+07:00 DEBUG 16688 --- [camsbatch] [           main] o.h.b.m.internal.AbstractPropertyHolder  : Attempting to locate auto-apply AttributeConverter for property [id.co.bca.camsbatch.model.Order:orderDate]
2025-05-09T01:07:46.125+07:00 DEBUG 16688 --- [camsbatch] [           main] o.h.b.model.internal.BasicValueBinder    : building BasicValue for orderDate
2025-05-09T01:07:46.125+07:00 DEBUG 16688 --- [camsbatch] [           main] org.hibernate.mapping.BasicValue         : Skipping column re-registration: order.order_date
2025-05-09T01:07:46.125+07:00 DEBUG 16688 --- [camsbatch] [           main] o.h.boot.model.internal.PropertyBinder   : Building property orderDate
2025-05-09T01:07:46.126+07:00 DEBUG 16688 --- [camsbatch] [           main] o.h.boot.model.internal.AnnotatedColumn  : Binding column: AnnotatedColumn()
2025-05-09T01:07:46.126+07:00 DEBUG 16688 --- [camsbatch] [           main] o.h.boot.model.internal.PropertyBinder   : MetadataSourceProcessor property orderId with lazy=false
2025-05-09T01:07:46.126+07:00 DEBUG 16688 --- [camsbatch] [           main] o.h.b.m.internal.AbstractPropertyHolder  : Attempting to locate auto-apply AttributeConverter for property [id.co.bca.camsbatch.model.Order:orderId]
2025-05-09T01:07:46.127+07:00 DEBUG 16688 --- [camsbatch] [           main] o.h.b.model.internal.BasicValueBinder    : building BasicValue for orderId
2025-05-09T01:07:46.127+07:00 DEBUG 16688 --- [camsbatch] [           main] org.hibernate.mapping.BasicValue         : Skipping column re-registration: order.order_id
2025-05-09T01:07:46.127+07:00 DEBUG 16688 --- [camsbatch] [           main] o.h.boot.model.internal.PropertyBinder   : Building property orderId
2025-05-09T01:07:46.128+07:00 DEBUG 16688 --- [camsbatch] [           main] o.h.b.r.c.i.ClassLoaderServiceImpl       : HHH000194: Package not found or no package-info.java: id.co.bca.camsbatch.model
2025-05-09T01:07:46.128+07:00 DEBUG 16688 --- [camsbatch] [           main] o.h.boot.model.internal.EntityBinder     : Binding entity from annotated class: id.co.bca.camsbatch.model.Person
2025-05-09T01:07:46.129+07:00 DEBUG 16688 --- [camsbatch] [           main] o.h.boot.model.internal.EntityBinder     : Import with entity name Person
2025-05-09T01:07:46.129+07:00 DEBUG 16688 --- [camsbatch] [           main] o.h.boot.model.internal.EntityBinder     : Bind entity id.co.bca.camsbatch.model.Person on table person
2025-05-09T01:07:46.129+07:00 DEBUG 16688 --- [camsbatch] [           main] o.h.boot.model.internal.AnnotatedColumn  : Binding column: AnnotatedDiscriminatorColumn(column='DTYPE')
2025-05-09T01:07:46.132+07:00 DEBUG 16688 --- [camsbatch] [           main] o.h.boot.model.internal.AnnotatedColumn  : Binding column: AnnotatedColumn()
2025-05-09T01:07:46.132+07:00 DEBUG 16688 --- [camsbatch] [           main] o.h.boot.internal.ClassLoaderAccessImpl  : Not known whether passed class name [id.co.bca.camsbatch.model.Person] is safe
2025-05-09T01:07:46.132+07:00 DEBUG 16688 --- [camsbatch] [           main] o.h.boot.internal.ClassLoaderAccessImpl  : No temp ClassLoader provided; using live ClassLoader for loading potentially unsafe class : id.co.bca.camsbatch.model.Person
2025-05-09T01:07:46.132+07:00 DEBUG 16688 --- [camsbatch] [           main] o.h.boot.model.internal.PropertyBinder   : MetadataSourceProcessor property id with lazy=false
2025-05-09T01:07:46.132+07:00 DEBUG 16688 --- [camsbatch] [           main] o.h.b.m.internal.AbstractPropertyHolder  : Attempting to locate auto-apply AttributeConverter for property [id.co.bca.camsbatch.model.Person:id]
2025-05-09T01:07:46.133+07:00 DEBUG 16688 --- [camsbatch] [           main] o.h.b.model.internal.BasicValueBinder    : building BasicValue for id
2025-05-09T01:07:46.133+07:00 DEBUG 16688 --- [camsbatch] [           main] org.hibernate.mapping.BasicValue         : Skipping column re-registration: person.id
2025-05-09T01:07:46.133+07:00 DEBUG 16688 --- [camsbatch] [           main] o.h.boot.model.internal.PropertyBinder   : Building property id
2025-05-09T01:07:46.133+07:00 DEBUG 16688 --- [camsbatch] [           main] o.h.boot.model.internal.BinderHelper     : #makeIdGenerator(BasicValue([Column(id)]), id, identity, , ...)
2025-05-09T01:07:46.133+07:00 DEBUG 16688 --- [camsbatch] [           main] o.h.boot.model.internal.AnnotatedColumn  : Binding column: AnnotatedColumn()
2025-05-09T01:07:46.133+07:00 DEBUG 16688 --- [camsbatch] [           main] o.h.boot.model.internal.PropertyBinder   : MetadataSourceProcessor property age with lazy=false
2025-05-09T01:07:46.133+07:00 DEBUG 16688 --- [camsbatch] [           main] o.h.b.m.internal.AbstractPropertyHolder  : Attempting to locate auto-apply AttributeConverter for property [id.co.bca.camsbatch.model.Person:age]
2025-05-09T01:07:46.133+07:00 DEBUG 16688 --- [camsbatch] [           main] o.h.b.model.internal.BasicValueBinder    : building BasicValue for age
2025-05-09T01:07:46.133+07:00 DEBUG 16688 --- [camsbatch] [           main] org.hibernate.mapping.BasicValue         : Skipping column re-registration: person.age
2025-05-09T01:07:46.134+07:00 DEBUG 16688 --- [camsbatch] [           main] o.h.boot.model.internal.PropertyBinder   : Building property age
2025-05-09T01:07:46.134+07:00 DEBUG 16688 --- [camsbatch] [           main] o.h.boot.model.internal.AnnotatedColumn  : Binding column: AnnotatedColumn()
2025-05-09T01:07:46.134+07:00 DEBUG 16688 --- [camsbatch] [           main] o.h.boot.model.internal.PropertyBinder   : MetadataSourceProcessor property email with lazy=false
2025-05-09T01:07:46.134+07:00 DEBUG 16688 --- [camsbatch] [           main] o.h.b.m.internal.AbstractPropertyHolder  : Attempting to locate auto-apply AttributeConverter for property [id.co.bca.camsbatch.model.Person:email]
2025-05-09T01:07:46.134+07:00 DEBUG 16688 --- [camsbatch] [           main] o.h.b.model.internal.BasicValueBinder    : building BasicValue for email
2025-05-09T01:07:46.134+07:00 DEBUG 16688 --- [camsbatch] [           main] org.hibernate.mapping.BasicValue         : Skipping column re-registration: person.email
2025-05-09T01:07:46.134+07:00 DEBUG 16688 --- [camsbatch] [           main] o.h.boot.model.internal.PropertyBinder   : Building property email
2025-05-09T01:07:46.134+07:00 DEBUG 16688 --- [camsbatch] [           main] o.h.boot.model.internal.AnnotatedColumn  : Binding column: AnnotatedColumn()
2025-05-09T01:07:46.134+07:00 DEBUG 16688 --- [camsbatch] [           main] o.h.boot.model.internal.PropertyBinder   : MetadataSourceProcessor property firstName with lazy=false
2025-05-09T01:07:46.134+07:00 DEBUG 16688 --- [camsbatch] [           main] o.h.b.m.internal.AbstractPropertyHolder  : Attempting to locate auto-apply AttributeConverter for property [id.co.bca.camsbatch.model.Person:firstName]
2025-05-09T01:07:46.135+07:00 DEBUG 16688 --- [camsbatch] [           main] o.h.b.model.internal.BasicValueBinder    : building BasicValue for firstName
2025-05-09T01:07:46.135+07:00 DEBUG 16688 --- [camsbatch] [           main] org.hibernate.mapping.BasicValue         : Skipping column re-registration: person.first_name
2025-05-09T01:07:46.135+07:00 DEBUG 16688 --- [camsbatch] [           main] o.h.boot.model.internal.PropertyBinder   : Building property firstName
2025-05-09T01:07:46.135+07:00 DEBUG 16688 --- [camsbatch] [           main] o.h.boot.model.internal.AnnotatedColumn  : Binding column: AnnotatedColumn()
2025-05-09T01:07:46.135+07:00 DEBUG 16688 --- [camsbatch] [           main] o.h.boot.model.internal.PropertyBinder   : MetadataSourceProcessor property lastName with lazy=false
2025-05-09T01:07:46.135+07:00 DEBUG 16688 --- [camsbatch] [           main] o.h.b.m.internal.AbstractPropertyHolder  : Attempting to locate auto-apply AttributeConverter for property [id.co.bca.camsbatch.model.Person:lastName]
2025-05-09T01:07:46.135+07:00 DEBUG 16688 --- [camsbatch] [           main] o.h.b.model.internal.BasicValueBinder    : building BasicValue for lastName
2025-05-09T01:07:46.135+07:00 DEBUG 16688 --- [camsbatch] [           main] org.hibernate.mapping.BasicValue         : Skipping column re-registration: person.last_name
2025-05-09T01:07:46.135+07:00 DEBUG 16688 --- [camsbatch] [           main] o.h.boot.model.internal.PropertyBinder   : Building property lastName
2025-05-09T01:07:46.136+07:00 DEBUG 16688 --- [camsbatch] [           main] o.h.b.r.c.i.ClassLoaderServiceImpl       : HHH000194: Package not found or no package-info.java: id.co.bca.camsbatch.model
2025-05-09T01:07:46.140+07:00 DEBUG 16688 --- [camsbatch] [           main] o.h.b.model.internal.BasicValueBinder    : Starting `BasicValueBinder#fillSimpleValue` for id
2025-05-09T01:07:46.146+07:00 DEBUG 16688 --- [camsbatch] [           main] o.h.b.model.internal.BasicValueBinder    : Starting `BasicValueBinder#fillSimpleValue` for email
2025-05-09T01:07:46.147+07:00 DEBUG 16688 --- [camsbatch] [           main] o.h.b.model.internal.BasicValueBinder    : Starting `BasicValueBinder#fillSimpleValue` for firstName
2025-05-09T01:07:46.147+07:00 DEBUG 16688 --- [camsbatch] [           main] o.h.b.model.internal.BasicValueBinder    : Starting `BasicValueBinder#fillSimpleValue` for lastName
2025-05-09T01:07:46.147+07:00 DEBUG 16688 --- [camsbatch] [           main] o.h.b.model.internal.BasicValueBinder    : Starting `BasicValueBinder#fillSimpleValue` for id
2025-05-09T01:07:46.147+07:00 DEBUG 16688 --- [camsbatch] [           main] o.h.b.model.internal.BasicValueBinder    : Starting `BasicValueBinder#fillSimpleValue` for customerName
2025-05-09T01:07:46.147+07:00 DEBUG 16688 --- [camsbatch] [           main] o.h.b.model.internal.BasicValueBinder    : Starting `BasicValueBinder#fillSimpleValue` for orderDate
2025-05-09T01:07:46.147+07:00 DEBUG 16688 --- [camsbatch] [           main] o.h.b.model.internal.BasicValueBinder    : Starting `BasicValueBinder#fillSimpleValue` for orderId
2025-05-09T01:07:46.148+07:00 DEBUG 16688 --- [camsbatch] [           main] o.h.b.model.internal.BasicValueBinder    : Starting `BasicValueBinder#fillSimpleValue` for id
2025-05-09T01:07:46.148+07:00 DEBUG 16688 --- [camsbatch] [           main] o.h.b.model.internal.BasicValueBinder    : Starting `BasicValueBinder#fillSimpleValue` for age
2025-05-09T01:07:46.148+07:00 DEBUG 16688 --- [camsbatch] [           main] o.h.b.model.internal.BasicValueBinder    : Starting `BasicValueBinder#fillSimpleValue` for email
2025-05-09T01:07:46.148+07:00 DEBUG 16688 --- [camsbatch] [           main] o.h.b.model.internal.BasicValueBinder    : Starting `BasicValueBinder#fillSimpleValue` for firstName
2025-05-09T01:07:46.148+07:00 DEBUG 16688 --- [camsbatch] [           main] o.h.b.model.internal.BasicValueBinder    : Starting `BasicValueBinder#fillSimpleValue` for lastName
2025-05-09T01:07:46.153+07:00 DEBUG 16688 --- [camsbatch] [           main] org.hibernate.mapping.PrimaryKey         : Forcing column [id] to be non-null as it is part of the primary key for table [customer]
2025-05-09T01:07:46.153+07:00 DEBUG 16688 --- [camsbatch] [           main] org.hibernate.mapping.PrimaryKey         : Forcing column [id] to be non-null as it is part of the primary key for table [order]
2025-05-09T01:07:46.153+07:00 DEBUG 16688 --- [camsbatch] [           main] org.hibernate.mapping.PrimaryKey         : Forcing column [id] to be non-null as it is part of the primary key for table [person]
2025-05-09T01:07:46.299+07:00 DEBUG 16688 --- [camsbatch] [           main] o.hibernate.internal.SessionFactoryImpl  : Building session factory
2025-05-09T01:07:46.413+07:00 DEBUG 16688 --- [camsbatch] [           main] .h.s.i.SessionFactoryServiceRegistryImpl : EventListenerRegistry access via ServiceRegistry is deprecated.  Use `sessionFactory.getEventEngine().getListenerRegistry()` instead
2025-05-09T01:07:46.413+07:00 DEBUG 16688 --- [camsbatch] [           main] o.hibernate.internal.SessionFactoryImpl  : Instantiating SessionFactory with settings: {hibernate.format_sql=true, java.specification.version=17, sun.cpu.isalist=amd64, hibernate.resource.beans.container=org.springframework.orm.hibernate5.SpringBeanContainer@70439c3, hibernate.connection.handling_mode=DELAYED_ACQUISITION_AND_HOLD, sun.jnu.encoding=Cp1252, hibernate.dialect=org.hibernate.dialect.PostgreSQLDialect, hibernate.implicit_naming_strategy=org.springframework.boot.orm.jpa.hibernate.SpringImplicitNamingStrategy, java.class.path=D:\Projects\CAMS\camsbatch\target\test-classes;D:\Projects\CAMS\camsbatch\target\classes;D:\MavenLibraries\org\springframework\boot\spring-boot-starter-batch\3.4.5\spring-boot-starter-batch-3.4.5.jar;D:\MavenLibraries\org\springframework\boot\spring-boot-starter\3.4.5\spring-boot-starter-3.4.5.jar;D:\MavenLibraries\org\springframework\boot\spring-boot\3.4.5\spring-boot-3.4.5.jar;D:\MavenLibraries\org\springframework\boot\spring-boot-autoconfigure\3.4.5\spring-boot-autoconfigure-3.4.5.jar;D:\MavenLibraries\org\springframework\boot\spring-boot-starter-logging\3.4.5\spring-boot-starter-logging-3.4.5.jar;D:\MavenLibraries\ch\qos\logback\logback-classic\1.5.18\logback-classic-1.5.18.jar;D:\MavenLibraries\ch\qos\logback\logback-core\1.5.18\logback-core-1.5.18.jar;D:\MavenLibraries\org\apache\logging\log4j\log4j-to-slf4j\2.24.3\log4j-to-slf4j-2.24.3.jar;D:\MavenLibraries\org\apache\logging\log4j\log4j-api\2.24.3\log4j-api-2.24.3.jar;D:\MavenLibraries\org\slf4j\jul-to-slf4j\2.0.17\jul-to-slf4j-2.0.17.jar;D:\MavenLibraries\jakarta\annotation\jakarta.annotation-api\2.1.1\jakarta.annotation-api-2.1.1.jar;D:\MavenLibraries\org\yaml\snakeyaml\2.3\snakeyaml-2.3.jar;D:\MavenLibraries\org\springframework\boot\spring-boot-starter-jdbc\3.4.5\spring-boot-starter-jdbc-3.4.5.jar;D:\MavenLibraries\com\zaxxer\HikariCP\5.1.0\HikariCP-5.1.0.jar;D:\MavenLibraries\org\springframework\batch\spring-batch-core\5.2.2\spring-batch-core-5.2.2.jar;D:\MavenLibraries\org\springframework\batch\spring-batch-infrastructure\5.2.2\spring-batch-infrastructure-5.2.2.jar;D:\MavenLibraries\org\springframework\retry\spring-retry\2.0.11\spring-retry-2.0.11.jar;D:\MavenLibraries\org\springframework\spring-aop\6.2.6\spring-aop-6.2.6.jar;D:\MavenLibraries\org\springframework\spring-beans\6.2.6\spring-beans-6.2.6.jar;D:\MavenLibraries\org\springframework\spring-context\6.2.6\spring-context-6.2.6.jar;D:\MavenLibraries\org\springframework\spring-tx\6.2.6\spring-tx-6.2.6.jar;D:\MavenLibraries\io\micrometer\micrometer-core\1.14.6\micrometer-core-1.14.6.jar;D:\MavenLibraries\io\micrometer\micrometer-commons\1.14.6\micrometer-commons-1.14.6.jar;D:\MavenLibraries\org\hdrhistogram\HdrHistogram\2.2.2\HdrHistogram-2.2.2.jar;D:\MavenLibraries\org\latencyutils\LatencyUtils\2.0.3\LatencyUtils-2.0.3.jar;D:\MavenLibraries\io\micrometer\micrometer-observation\1.14.6\micrometer-observation-1.14.6.jar;D:\MavenLibraries\org\springframework\data\spring-data-commons\3.4.5\spring-data-commons-3.4.5.jar;D:\MavenLibraries\org\springframework\boot\spring-boot-starter-data-jpa\3.4.5\spring-boot-starter-data-jpa-3.4.5.jar;D:\MavenLibraries\org\hibernate\orm\hibernate-core\6.6.13.Final\hibernate-core-6.6.13.Final.jar;D:\MavenLibraries\jakarta\persistence\jakarta.persistence-api\3.1.0\jakarta.persistence-api-3.1.0.jar;D:\MavenLibraries\jakarta\transaction\jakarta.transaction-api\2.0.1\jakarta.transaction-api-2.0.1.jar;D:\MavenLibraries\org\jboss\logging\jboss-logging\3.6.1.Final\jboss-logging-3.6.1.Final.jar;D:\MavenLibraries\org\hibernate\common\hibernate-commons-annotations\7.0.3.Final\hibernate-commons-annotations-7.0.3.Final.jar;D:\MavenLibraries\io\smallrye\jandex\3.2.0\jandex-3.2.0.jar;D:\MavenLibraries\com\fasterxml\classmate\1.7.0\classmate-1.7.0.jar;D:\MavenLibraries\net\bytebuddy\byte-buddy\1.15.11\byte-buddy-1.15.11.jar;D:\MavenLibraries\org\glassfish\jaxb\jaxb-runtime\4.0.5\jaxb-runtime-4.0.5.jar;D:\MavenLibraries\org\glassfish\jaxb\jaxb-core\4.0.5\jaxb-core-4.0.5.jar;D:\MavenLibraries\org\eclipse\angus\angus-activation\2.0.2\angus-activation-2.0.2.jar;D:\MavenLibraries\org\glassfish\jaxb\txw2\4.0.5\txw2-4.0.5.jar;D:\MavenLibraries\com\sun\istack\istack-commons-runtime\4.1.2\istack-commons-runtime-4.1.2.jar;D:\MavenLibraries\jakarta\inject\jakarta.inject-api\2.0.1\jakarta.inject-api-2.0.1.jar;D:\MavenLibraries\org\antlr\antlr4-runtime\4.13.0\antlr4-runtime-4.13.0.jar;D:\MavenLibraries\org\springframework\data\spring-data-jpa\3.4.5\spring-data-jpa-3.4.5.jar;D:\MavenLibraries\org\springframework\spring-orm\6.2.6\spring-orm-6.2.6.jar;D:\MavenLibraries\org\slf4j\slf4j-api\2.0.17\slf4j-api-2.0.17.jar;D:\MavenLibraries\org\springframework\spring-aspects\6.2.6\spring-aspects-6.2.6.jar;D:\MavenLibraries\org\aspectj\aspectjweaver\1.9.24\aspectjweaver-1.9.24.jar;D:\MavenLibraries\org\springframework\boot\spring-boot-starter-web\3.4.5\spring-boot-starter-web-3.4.5.jar;D:\MavenLibraries\org\springframework\boot\spring-boot-starter-json\3.4.5\spring-boot-starter-json-3.4.5.jar;D:\MavenLibraries\com\fasterxml\jackson\core\jackson-databind\2.18.3\jackson-databind-2.18.3.jar;D:\MavenLibraries\com\fasterxml\jackson\core\jackson-annotations\2.18.3\jackson-annotations-2.18.3.jar;D:\MavenLibraries\com\fasterxml\jackson\core\jackson-core\2.18.3\jackson-core-2.18.3.jar;D:\MavenLibraries\com\fasterxml\jackson\datatype\jackson-datatype-jdk8\2.18.3\jackson-datatype-jdk8-2.18.3.jar;D:\MavenLibraries\com\fasterxml\jackson\datatype\jackson-datatype-jsr310\2.18.3\jackson-datatype-jsr310-2.18.3.jar;D:\MavenLibraries\com\fasterxml\jackson\module\jackson-module-parameter-names\2.18.3\jackson-module-parameter-names-2.18.3.jar;D:\MavenLibraries\org\springframework\boot\spring-boot-starter-tomcat\3.4.5\spring-boot-starter-tomcat-3.4.5.jar;D:\MavenLibraries\org\apache\tomcat\embed\tomcat-embed-core\10.1.40\tomcat-embed-core-10.1.40.jar;D:\MavenLibraries\org\apache\tomcat\embed\tomcat-embed-el\10.1.40\tomcat-embed-el-10.1.40.jar;D:\MavenLibraries\org\apache\tomcat\embed\tomcat-embed-websocket\10.1.40\tomcat-embed-websocket-10.1.40.jar;D:\MavenLibraries\org\springframework\spring-web\6.2.6\spring-web-6.2.6.jar;D:\MavenLibraries\org\springframework\spring-webmvc\6.2.6\spring-webmvc-6.2.6.jar;D:\MavenLibraries\org\springframework\spring-expression\6.2.6\spring-expression-6.2.6.jar;D:\MavenLibraries\org\postgresql\postgresql\42.7.5\postgresql-42.7.5.jar;D:\MavenLibraries\org\checkerframework\checker-qual\3.48.3\checker-qual-3.48.3.jar;D:\MavenLibraries\org\projectlombok\lombok\1.18.38\lombok-1.18.38.jar;D:\MavenLibraries\org\springframework\boot\spring-boot-starter-test\3.4.5\spring-boot-starter-test-3.4.5.jar;D:\MavenLibraries\org\springframework\boot\spring-boot-test\3.4.5\spring-boot-test-3.4.5.jar;D:\MavenLibraries\org\springframework\boot\spring-boot-test-autoconfigure\3.4.5\spring-boot-test-autoconfigure-3.4.5.jar;D:\MavenLibraries\com\jayway\jsonpath\json-path\2.9.0\json-path-2.9.0.jar;D:\MavenLibraries\jakarta\xml\bind\jakarta.xml.bind-api\4.0.2\jakarta.xml.bind-api-4.0.2.jar;D:\MavenLibraries\jakarta\activation\jakarta.activation-api\2.1.3\jakarta.activation-api-2.1.3.jar;D:\MavenLibraries\net\minidev\json-smart\2.5.2\json-smart-2.5.2.jar;D:\MavenLibraries\net\minidev\accessors-smart\2.5.2\accessors-smart-2.5.2.jar;D:\MavenLibraries\org\ow2\asm\asm\9.7.1\asm-9.7.1.jar;D:\MavenLibraries\org\assertj\assertj-core\3.26.3\assertj-core-3.26.3.jar;D:\MavenLibraries\org\awaitility\awaitility\4.2.2\awaitility-4.2.2.jar;D:\MavenLibraries\org\hamcrest\hamcrest\2.2\hamcrest-2.2.jar;D:\MavenLibraries\org\junit\jupiter\junit-jupiter\5.11.4\junit-jupiter-5.11.4.jar;D:\MavenLibraries\org\junit\jupiter\junit-jupiter-api\5.11.4\junit-jupiter-api-5.11.4.jar;D:\MavenLibraries\org\opentest4j\opentest4j\1.3.0\opentest4j-1.3.0.jar;D:\MavenLibraries\org\junit\platform\junit-platform-commons\1.11.4\junit-platform-commons-1.11.4.jar;D:\MavenLibraries\org\apiguardian\apiguardian-api\1.1.2\apiguardian-api-1.1.2.jar;D:\MavenLibraries\org\junit\jupiter\junit-jupiter-params\5.11.4\junit-jupiter-params-5.11.4.jar;D:\MavenLibraries\org\junit\jupiter\junit-jupiter-engine\5.11.4\junit-jupiter-engine-5.11.4.jar;D:\MavenLibraries\org\junit\platform\junit-platform-engine\1.11.4\junit-platform-engine-1.11.4.jar;D:\MavenLibraries\org\mockito\mockito-core\5.14.2\mockito-core-5.14.2.jar;D:\MavenLibraries\net\bytebuddy\byte-buddy-agent\1.15.11\byte-buddy-agent-1.15.11.jar;D:\MavenLibraries\org\objenesis\objenesis\3.3\objenesis-3.3.jar;D:\MavenLibraries\org\mockito\mockito-junit-jupiter\5.14.2\mockito-junit-jupiter-5.14.2.jar;D:\MavenLibraries\org\skyscreamer\jsonassert\1.5.3\jsonassert-1.5.3.jar;D:\MavenLibraries\com\vaadin\external\google\android-json\0.0.20131108.vaadin1\android-json-0.0.20131108.vaadin1.jar;D:\MavenLibraries\org\springframework\spring-core\6.2.6\spring-core-6.2.6.jar;D:\MavenLibraries\org\springframework\spring-jcl\6.2.6\spring-jcl-6.2.6.jar;D:\MavenLibraries\org\springframework\spring-test\6.2.6\spring-test-6.2.6.jar;D:\MavenLibraries\org\xmlunit\xmlunit-core\2.10.0\xmlunit-core-2.10.0.jar;D:\MavenLibraries\org\springframework\batch\spring-batch-test\5.2.2\spring-batch-test-5.2.2.jar;D:\MavenLibraries\org\springframework\spring-jdbc\6.2.6\spring-jdbc-6.2.6.jar;, java.vm.vendor=Azul Systems, Inc., sun.arch.data.model=64, user.variant=, java.vendor.url=http://www.azul.com/, user.timezone=Asia/Bangkok, jakarta.persistence.sharedCache.mode=UNSPECIFIED, org.jboss.logging.provider=slf4j, java.vm.specification.version=17, os.name=Windows 11, APPLICATION_NAME=camsbatch, jakarta.persistence.nonJtaDataSource=HikariDataSource (HikariPool-1), sun.java.launcher=SUN_STANDARD, user.country=US, sun.boot.library.path=C:\ProgramData\Zulu\zulu-17\bin, sun.java.command=C:\Users\U063496\AppData\Local\Temp\surefire13334740012921493881\surefirebooter-20250509010740214_3.jar C:\Users\U063496\AppData\Local\Temp\surefire13334740012921493881 2025-05-09T01-07-39_978-jvmRun1 surefire-20250509010740214_1tmp surefire_0-20250509010740214_2tmp, javax.persistence.nonJtaDataSource=HikariDataSource (HikariPool-1), hibernate.transaction.jta.platform=org.hibernate.engine.transaction.jta.platform.internal.NoJtaPlatform@72a33316, jdk.debug=release, surefire.test.class.path=D:\Projects\CAMS\camsbatch\target\test-classes;D:\Projects\CAMS\camsbatch\target\classes;D:\MavenLibraries\org\springframework\boot\spring-boot-starter-batch\3.4.5\spring-boot-starter-batch-3.4.5.jar;D:\MavenLibraries\org\springframework\boot\spring-boot-starter\3.4.5\spring-boot-starter-3.4.5.jar;D:\MavenLibraries\org\springframework\boot\spring-boot\3.4.5\spring-boot-3.4.5.jar;D:\MavenLibraries\org\springframework\boot\spring-boot-autoconfigure\3.4.5\spring-boot-autoconfigure-3.4.5.jar;D:\MavenLibraries\org\springframework\boot\spring-boot-starter-logging\3.4.5\spring-boot-starter-logging-3.4.5.jar;D:\MavenLibraries\ch\qos\logback\logback-classic\1.5.18\logback-classic-1.5.18.jar;D:\MavenLibraries\ch\qos\logback\logback-core\1.5.18\logback-core-1.5.18.jar;D:\MavenLibraries\org\apache\logging\log4j\log4j-to-slf4j\2.24.3\log4j-to-slf4j-2.24.3.jar;D:\MavenLibraries\org\apache\logging\log4j\log4j-api\2.24.3\log4j-api-2.24.3.jar;D:\MavenLibraries\org\slf4j\jul-to-slf4j\2.0.17\jul-to-slf4j-2.0.17.jar;D:\MavenLibraries\jakarta\annotation\jakarta.annotation-api\2.1.1\jakarta.annotation-api-2.1.1.jar;D:\MavenLibraries\org\yaml\snakeyaml\2.3\snakeyaml-2.3.jar;D:\MavenLibraries\org\springframework\boot\spring-boot-starter-jdbc\3.4.5\spring-boot-starter-jdbc-3.4.5.jar;D:\MavenLibraries\com\zaxxer\HikariCP\5.1.0\HikariCP-5.1.0.jar;D:\MavenLibraries\org\springframework\batch\spring-batch-core\5.2.2\spring-batch-core-5.2.2.jar;D:\MavenLibraries\org\springframework\batch\spring-batch-infrastructure\5.2.2\spring-batch-infrastructure-5.2.2.jar;D:\MavenLibraries\org\springframework\retry\spring-retry\2.0.11\spring-retry-2.0.11.jar;D:\MavenLibraries\org\springframework\spring-aop\6.2.6\spring-aop-6.2.6.jar;D:\MavenLibraries\org\springframework\spring-beans\6.2.6\spring-beans-6.2.6.jar;D:\MavenLibraries\org\springframework\spring-context\6.2.6\spring-context-6.2.6.jar;D:\MavenLibraries\org\springframework\spring-tx\6.2.6\spring-tx-6.2.6.jar;D:\MavenLibraries\io\micrometer\micrometer-core\1.14.6\micrometer-core-1.14.6.jar;D:\MavenLibraries\io\micrometer\micrometer-commons\1.14.6\micrometer-commons-1.14.6.jar;D:\MavenLibraries\org\hdrhistogram\HdrHistogram\2.2.2\HdrHistogram-2.2.2.jar;D:\MavenLibraries\org\latencyutils\LatencyUtils\2.0.3\LatencyUtils-2.0.3.jar;D:\MavenLibraries\io\micrometer\micrometer-observation\1.14.6\micrometer-observation-1.14.6.jar;D:\MavenLibraries\org\springframework\data\spring-data-commons\3.4.5\spring-data-commons-3.4.5.jar;D:\MavenLibraries\org\springframework\boot\spring-boot-starter-data-jpa\3.4.5\spring-boot-starter-data-jpa-3.4.5.jar;D:\MavenLibraries\org\hibernate\orm\hibernate-core\6.6.13.Final\hibernate-core-6.6.13.Final.jar;D:\MavenLibraries\jakarta\persistence\jakarta.persistence-api\3.1.0\jakarta.persistence-api-3.1.0.jar;D:\MavenLibraries\jakarta\transaction\jakarta.transaction-api\2.0.1\jakarta.transaction-api-2.0.1.jar;D:\MavenLibraries\org\jboss\logging\jboss-logging\3.6.1.Final\jboss-logging-3.6.1.Final.jar;D:\MavenLibraries\org\hibernate\common\hibernate-commons-annotations\7.0.3.Final\hibernate-commons-annotations-7.0.3.Final.jar;D:\MavenLibraries\io\smallrye\jandex\3.2.0\jandex-3.2.0.jar;D:\MavenLibraries\com\fasterxml\classmate\1.7.0\classmate-1.7.0.jar;D:\MavenLibraries\net\bytebuddy\byte-buddy\1.15.11\byte-buddy-1.15.11.jar;D:\MavenLibraries\org\glassfish\jaxb\jaxb-runtime\4.0.5\jaxb-runtime-4.0.5.jar;D:\MavenLibraries\org\glassfish\jaxb\jaxb-core\4.0.5\jaxb-core-4.0.5.jar;D:\MavenLibraries\org\eclipse\angus\angus-activation\2.0.2\angus-activation-2.0.2.jar;D:\MavenLibraries\org\glassfish\jaxb\txw2\4.0.5\txw2-4.0.5.jar;D:\MavenLibraries\com\sun\istack\istack-commons-runtime\4.1.2\istack-commons-runtime-4.1.2.jar;D:\MavenLibraries\jakarta\inject\jakarta.inject-api\2.0.1\jakarta.inject-api-2.0.1.jar;D:\MavenLibraries\org\antlr\antlr4-runtime\4.13.0\antl
[...]
	at org.springframework.batch.core.step.tasklet.TaskletStep$ChunkTransactionCallback.doInTransaction(TaskletStep.java:307) ~[spring-batch-core-5.2.2.jar:5.2.2]
	at org.springframework.transaction.support.TransactionTemplate.execute(TransactionTemplate.java:140) ~[spring-tx-6.2.6.jar:6.2.6]
	at org.springframework.batch.core.step.tasklet.TaskletStep$2.doInChunkContext(TaskletStep.java:250) ~[spring-batch-core-5.2.2.jar:5.2.2]
	at org.springframework.batch.core.scope.context.StepContextRepeatCallback.doInIteration(StepContextRepeatCallback.java:82) ~[spring-batch-core-5.2.2.jar:5.2.2]
	at org.springframework.batch.repeat.support.RepeatTemplate.getNextResult(RepeatTemplate.java:369) ~[spring-batch-infrastructure-5.2.2.jar:5.2.2]
	at org.springframework.batch.repeat.support.RepeatTemplate.executeInternal(RepeatTemplate.java:206) ~[spring-batch-infrastructure-5.2.2.jar:5.2.2]
	at org.springframework.batch.repeat.support.RepeatTemplate.iterate(RepeatTemplate.java:140) ~[spring-batch-infrastructure-5.2.2.jar:5.2.2]
	at org.springframework.batch.core.step.tasklet.TaskletStep.doExecute(TaskletStep.java:235) ~[spring-batch-core-5.2.2.jar:5.2.2]
	at org.springframework.batch.core.step.AbstractStep.execute(AbstractStep.java:230) ~[spring-batch-core-5.2.2.jar:5.2.2]
	at org.springframework.batch.core.job.SimpleStepHandler.handleStep(SimpleStepHandler.java:153) ~[spring-batch-core-5.2.2.jar:5.2.2]
	at org.springframework.batch.core.job.flow.JobFlowExecutor.executeStep(JobFlowExecutor.java:68) ~[spring-batch-core-5.2.2.jar:5.2.2]
	at org.springframework.batch.core.job.flow.support.state.StepState.handle(StepState.java:68) ~[spring-batch-core-5.2.2.jar:5.2.2]
	at org.springframework.batch.core.job.flow.support.SimpleFlow.resume(SimpleFlow.java:165) ~[spring-batch-core-5.2.2.jar:5.2.2]
	at org.springframework.batch.core.job.flow.support.SimpleFlow.start(SimpleFlow.java:140) ~[spring-batch-core-5.2.2.jar:5.2.2]
	at org.springframework.batch.core.job.flow.support.state.SplitState.lambda$handle$0(SplitState.java:107) ~[spring-batch-core-5.2.2.jar:5.2.2]
	at java.base/java.util.concurrent.FutureTask.run(FutureTask.java:264) ~[na:na]
	at org.springframework.core.task.SimpleAsyncTaskExecutor$TaskTrackingRunnable.run(SimpleAsyncTaskExecutor.java:432) ~[spring-core-6.2.6.jar:6.2.6]
	at java.base/java.lang.Thread.run(Thread.java:840) ~[na:na]
Caused by: org.springframework.batch.item.file.transform.IncorrectTokenCountException: Incorrect number of tokens found in record: expected 4 actual 3
	at org.springframework.batch.item.file.transform.AbstractLineTokenizer.tokenize(AbstractLineTokenizer.java:134) ~[spring-batch-infrastructure-5.2.2.jar:5.2.2]
	at org.springframework.batch.item.file.mapping.DefaultLineMapper.mapLine(DefaultLineMapper.java:42) ~[spring-batch-infrastructure-5.2.2.jar:5.2.2]
	at org.springframework.batch.item.file.FlatFileItemReader.doRead(FlatFileItemReader.java:194) ~[spring-batch-infrastructure-5.2.2.jar:5.2.2]
	... 28 common frames omitted

2025-05-09T01:07:51.010+07:00 DEBUG 16688 --- [camsbatch] [   batch_task-1] o.h.e.t.internal.TransactionImpl         : committing
2025-05-09T01:07:51.012+07:00 DEBUG 16688 --- [camsbatch] [   batch_task-1] o.h.e.t.internal.TransactionImpl         : On TransactionImpl creation, JpaCompliance#isJpaTransactionComplianceEnabled == false
2025-05-09T01:07:51.012+07:00 DEBUG 16688 --- [camsbatch] [   batch_task-1] o.h.e.t.internal.TransactionImpl         : begin
2025-05-09T01:07:51.013+07:00 DEBUG 16688 --- [camsbatch] [   batch_task-1] o.h.e.t.internal.TransactionImpl         : committing
2025-05-09T01:07:51.014+07:00 DEBUG 16688 --- [camsbatch] [   batch_task-1] o.h.e.t.internal.TransactionImpl         : On TransactionImpl creation, JpaCompliance#isJpaTransactionComplianceEnabled == false
2025-05-09T01:07:51.014+07:00 DEBUG 16688 --- [camsbatch] [   batch_task-1] o.h.e.t.internal.TransactionImpl         : begin
2025-05-09T01:07:51.018+07:00  INFO 16688 --- [camsbatch] [   batch_task-2] o.s.batch.core.step.AbstractStep         : Step: [processPersonStep] executed in 38ms
2025-05-09T01:07:51.018+07:00 DEBUG 16688 --- [camsbatch] [   batch_task-1] o.h.e.t.internal.TransactionImpl         : committing
2025-05-09T01:07:51.019+07:00 DEBUG 16688 --- [camsbatch] [   batch_task-2] o.h.e.t.internal.TransactionImpl         : On TransactionImpl creation, JpaCompliance#isJpaTransactionComplianceEnabled == false
2025-05-09T01:07:51.019+07:00 DEBUG 16688 --- [camsbatch] [   batch_task-2] o.h.e.t.internal.TransactionImpl         : begin
2025-05-09T01:07:51.020+07:00 DEBUG 16688 --- [camsbatch] [   batch_task-2] o.h.e.t.internal.TransactionImpl         : committing
2025-05-09T01:07:51.021+07:00  INFO 16688 --- [camsbatch] [   batch_task-1] o.s.batch.core.job.SimpleStepHandler     : Executing step: [processCustomerStep]
2025-05-09T01:07:51.022+07:00 DEBUG 16688 --- [camsbatch] [   batch_task-1] o.h.e.t.internal.TransactionImpl         : On TransactionImpl creation, JpaCompliance#isJpaTransactionComplianceEnabled == false
2025-05-09T01:07:51.022+07:00 DEBUG 16688 --- [camsbatch] [   batch_task-1] o.h.e.t.internal.TransactionImpl         : begin
2025-05-09T01:07:51.022+07:00 DEBUG 16688 --- [camsbatch] [   batch_task-2] o.h.e.t.internal.TransactionImpl         : On TransactionImpl creation, JpaCompliance#isJpaTransactionComplianceEnabled == false
2025-05-09T01:07:51.022+07:00 DEBUG 16688 --- [camsbatch] [   batch_task-2] o.h.e.t.internal.TransactionImpl         : begin
2025-05-09T01:07:51.026+07:00 DEBUG 16688 --- [camsbatch] [   batch_task-1] o.h.e.t.internal.TransactionImpl         : committing
2025-05-09T01:07:51.027+07:00 DEBUG 16688 --- [camsbatch] [   batch_task-2] o.h.e.t.internal.TransactionImpl         : committing
2025-05-09T01:07:51.028+07:00 DEBUG 16688 --- [camsbatch] [   batch_task-2] o.h.e.t.internal.TransactionImpl         : On TransactionImpl creation, JpaCompliance#isJpaTransactionComplianceEnabled == false
2025-05-09T01:07:51.028+07:00 DEBUG 16688 --- [camsbatch] [   batch_task-2] o.h.e.t.internal.TransactionImpl         : begin
2025-05-09T01:07:51.028+07:00 DEBUG 16688 --- [camsbatch] [   batch_task-1] o.h.e.t.internal.TransactionImpl         : On TransactionImpl creation, JpaCompliance#isJpaTransactionComplianceEnabled == false
2025-05-09T01:07:51.028+07:00 DEBUG 16688 --- [camsbatch] [   batch_task-3] o.h.e.t.internal.TransactionImpl         : rolling back
2025-05-09T01:07:51.029+07:00 DEBUG 16688 --- [camsbatch] [   batch_task-1] o.h.e.t.internal.TransactionImpl         : begin
2025-05-09T01:07:51.030+07:00 DEBUG 16688 --- [camsbatch] [   batch_task-1] o.h.e.t.internal.TransactionImpl         : committing
2025-05-09T01:07:51.030+07:00 DEBUG 16688 --- [camsbatch] [   batch_task-2] o.h.e.t.internal.TransactionImpl         : committing
2025-05-09T01:07:51.030+07:00 ERROR 16688 --- [camsbatch] [   batch_task-3] o.s.batch.core.step.AbstractStep         : Encountered an error executing step processOrderStep in job importDataJob

org.springframework.batch.item.file.FlatFileParseException: Parsing error at line: 1 in resource=[class path resource [data//orders.txt]], input=[1001,John Doe,2023-10-01]
	at org.springframework.batch.item.file.FlatFileItemReader.doRead(FlatFileItemReader.java:198) ~[spring-batch-infrastructure-5.2.2.jar:5.2.2]
	at org.springframework.batch.item.support.AbstractItemCountingItemStreamItemReader.read(AbstractItemCountingItemStreamItemReader.java:93) ~[spring-batch-infrastructure-5.2.2.jar:5.2.2]
	at org.springframework.batch.core.step.item.SimpleChunkProvider.doRead(SimpleChunkProvider.java:108) ~[spring-batch-core-5.2.2.jar:5.2.2]
	at org.springframework.batch.core.step.item.SimpleChunkProvider.read(SimpleChunkProvider.java:182) ~[spring-batch-core-5.2.2.jar:5.2.2]
	at org.springframework.batch.core.step.item.SimpleChunkProvider.lambda$provide$0(SimpleChunkProvider.java:132) ~[spring-batch-core-5.2.2.jar:5.2.2]
	at org.springframework.batch.repeat.support.RepeatTemplate.getNextResult(RepeatTemplate.java:369) ~[spring-batch-infrastructure-5.2.2.jar:5.2.2]
	at org.springframework.batch.repeat.support.RepeatTemplate.executeInternal(RepeatTemplate.java:206) ~[spring-batch-infrastructure-5.2.2.jar:5.2.2]
	at org.springframework.batch.repeat.support.RepeatTemplate.iterate(RepeatTemplate.java:140) ~[spring-batch-infrastructure-5.2.2.jar:5.2.2]
	at org.springframework.batch.core.step.item.SimpleChunkProvider.provide(SimpleChunkProvider.java:127) ~[spring-batch-core-5.2.2.jar:5.2.2]
	at org.springframework.batch.core.step.item.ChunkOrientedTasklet.execute(ChunkOrientedTasklet.java:69) ~[spring-batch-core-5.2.2.jar:5.2.2]
	at org.springframework.batch.core.step.tasklet.TaskletStep$ChunkTransactionCallback.doInTransaction(TaskletStep.java:383) ~[spring-batch-core-5.2.2.jar:5.2.2]
	at org.springframework.batch.core.step.tasklet.TaskletStep$ChunkTransactionCallback.doInTransaction(TaskletStep.java:307) ~[spring-batch-core-5.2.2.jar:5.2.2]
	at org.springframework.transaction.support.TransactionTemplate.execute(TransactionTemplate.java:140) ~[spring-tx-6.2.6.jar:6.2.6]
	at org.springframework.batch.core.step.tasklet.TaskletStep$2.doInChunkContext(TaskletStep.java:250) ~[spring-batch-core-5.2.2.jar:5.2.2]
	at org.springframework.batch.core.scope.context.StepContextRepeatCallback.doInIteration(StepContextRepeatCallback.java:82) ~[spring-batch-core-5.2.2.jar:5.2.2]
	at org.springframework.batch.repeat.support.RepeatTemplate.getNextResult(RepeatTemplate.java:369) ~[spring-batch-infrastructure-5.2.2.jar:5.2.2]
	at org.springframework.batch.repeat.support.RepeatTemplate.executeInternal(RepeatTemplate.java:206) ~[spring-batch-infrastructure-5.2.2.jar:5.2.2]
	at org.springframework.batch.repeat.support.RepeatTemplate.iterate(RepeatTemplate.java:140) ~[spring-batch-infrastructure-5.2.2.jar:5.2.2]
	at org.springframework.batch.core.step.tasklet.TaskletStep.doExecute(TaskletStep.java:235) ~[spring-batch-core-5.2.2.jar:5.2.2]
	at org.springframework.batch.core.step.AbstractStep.execute(AbstractStep.java:230) ~[spring-batch-core-5.2.2.jar:5.2.2]
	at org.springframework.batch.core.job.SimpleStepHandler.handleStep(SimpleStepHandler.java:153) ~[spring-batch-core-5.2.2.jar:5.2.2]
	at org.springframework.batch.core.job.flow.JobFlowExecutor.executeStep(JobFlowExecutor.java:68) ~[spring-batch-core-5.2.2.jar:5.2.2]
	at org.springframework.batch.core.job.flow.support.state.StepState.handle(StepState.java:68) ~[spring-batch-core-5.2.2.jar:5.2.2]
	at org.springframework.batch.core.job.flow.support.SimpleFlow.resume(SimpleFlow.java:165) ~[spring-batch-core-5.2.2.jar:5.2.2]
	at org.springframework.batch.core.job.flow.support.SimpleFlow.start(SimpleFlow.java:140) ~[spring-batch-core-5.2.2.jar:5.2.2]
	at org.springframework.batch.core.job.flow.support.state.SplitState.lambda$handle$0(SplitState.java:107) ~[spring-batch-core-5.2.2.jar:5.2.2]
	at java.base/java.util.concurrent.FutureTask.run(FutureTask.java:264) ~[na:na]
	at org.springframework.core.task.SimpleAsyncTaskExecutor$TaskTrackingRunnable.run(SimpleAsyncTaskExecutor.java:432) ~[spring-core-6.2.6.jar:6.2.6]
	at java.base/java.lang.Thread.run(Thread.java:840) ~[na:na]
Caused by: org.springframework.validation.BindException: org.springframework.validation.BeanPropertyBindingResult: 1 errors
Field error in object 'target' on field 'orderDate': rejected value [2023-10-01]; codes [typeMismatch.target.orderDate,typeMismatch.orderDate,typeMismatch.java.time.LocalDate,typeMismatch]; arguments [org.springframework.context.support.DefaultMessageSourceResolvable: codes [target.orderDate,orderDate]; arguments []; default message [orderDate]]; default message [Failed to convert property value of type 'java.lang.String' to required type 'java.time.LocalDate' for property 'orderDate'; Cannot convert value of type 'java.lang.String' to required type 'java.time.LocalDate' for property 'orderDate': no matching editors or conversion strategy found]
	at org.springframework.batch.item.file.mapping.BeanWrapperFieldSetMapper.mapFieldSet(BeanWrapperFieldSetMapper.java:180) ~[spring-batch-infrastructure-5.2.2.jar:5.2.2]
	at org.springframework.batch.item.file.mapping.DefaultLineMapper.mapLine(DefaultLineMapper.java:42) ~[spring-batch-infrastructure-5.2.2.jar:5.2.2]
	at org.springframework.batch.item.file.FlatFileItemReader.doRead(FlatFileItemReader.java:194) ~[spring-batch-infrastructure-5.2.2.jar:5.2.2]
	... 28 common frames omitted

2025-05-09T01:07:51.031+07:00  INFO 16688 --- [camsbatch] [   batch_task-3] o.s.batch.core.step.AbstractStep         : Step: [processOrderStep] executed in 60ms
2025-05-09T01:07:51.031+07:00 DEBUG 16688 --- [camsbatch] [   batch_task-1] o.h.e.t.internal.TransactionImpl         : On TransactionImpl creation, JpaCompliance#isJpaTransactionComplianceEnabled == false
2025-05-09T01:07:51.031+07:00 DEBUG 16688 --- [camsbatch] [   batch_task-3] o.h.e.t.internal.TransactionImpl         : On TransactionImpl creation, JpaCompliance#isJpaTransactionComplianceEnabled == false
2025-05-09T01:07:51.031+07:00 DEBUG 16688 --- [camsbatch] [   batch_task-1] o.h.e.t.internal.TransactionImpl         : begin
2025-05-09T01:07:51.031+07:00 DEBUG 16688 --- [camsbatch] [   batch_task-3] o.h.e.t.internal.TransactionImpl         : begin
2025-05-09T01:07:51.033+07:00 DEBUG 16688 --- [camsbatch] [   batch_task-3] o.h.e.t.internal.TransactionImpl         : committing
2025-05-09T01:07:51.037+07:00 DEBUG 16688 --- [camsbatch] [   batch_task-3] o.h.e.t.internal.TransactionImpl         : On TransactionImpl creation, JpaCompliance#isJpaTransactionComplianceEnabled == false
2025-05-09T01:07:51.037+07:00 DEBUG 16688 --- [camsbatch] [   batch_task-3] o.h.e.t.internal.TransactionImpl         : begin
2025-05-09T01:07:51.039+07:00 DEBUG 16688 --- [camsbatch] [   batch_task-3] o.h.e.t.internal.TransactionImpl         : committing
2025-05-09T01:07:51.041+07:00 DEBUG 16688 --- [camsbatch] [   batch_task-3] o.h.e.t.internal.TransactionImpl         : On TransactionImpl creation, JpaCompliance#isJpaTransactionComplianceEnabled == false
2025-05-09T01:07:51.041+07:00 DEBUG 16688 --- [camsbatch] [   batch_task-3] o.h.e.t.internal.TransactionImpl         : begin
2025-05-09T01:07:51.043+07:00 DEBUG 16688 --- [camsbatch] [   batch_task-3] o.h.e.t.internal.TransactionImpl         : committing
2025-05-09T01:07:51.073+07:00 DEBUG 16688 --- [camsbatch] [   batch_task-1] org.hibernate.engine.spi.ActionQueue     : Executing identity-insert immediately
2025-05-09T01:07:51.093+07:00 DEBUG 16688 --- [camsbatch] [   batch_task-1] org.hibernate.SQL                        : 
    insert 
    into
        cros.customer
        (email, first_name, last_name) 
    values
        (?, ?, ?)
Hibernate: 
    insert 
    into
        cros.customer
        (email, first_name, last_name) 
    values
        (?, ?, ?)
2025-05-09T01:07:51.127+07:00 DEBUG 16688 --- [camsbatch] [   batch_task-1] org.hibernate.orm.results                : Initializer list is empty
2025-05-09T01:07:51.138+07:00 DEBUG 16688 --- [camsbatch] [   batch_task-1] o.h.id.IdentifierGeneratorHelper         : Extracted generated values [id.co.bca.camsbatch.model.Customer]: [Ljava.lang.Object;@6ff2feac
2025-05-09T01:07:51.145+07:00 DEBUG 16688 --- [camsbatch] [   batch_task-1] org.hibernate.engine.spi.ActionQueue     : Executing identity-insert immediately
2025-05-09T01:07:51.146+07:00 DEBUG 16688 --- [camsbatch] [   batch_task-1] org.hibernate.SQL                        : 
    insert 
    into
        cros.customer
        (email, first_name, last_name) 
    values
        (?, ?, ?)
Hibernate: 
    insert 
    into
        cros.customer
        (email, first_name, last_name) 
    values
        (?, ?, ?)
2025-05-09T01:07:51.147+07:00 DEBUG 16688 --- [camsbatch] [   batch_task-1] org.hibernate.orm.results                : Initializer list is empty
2025-05-09T01:07:51.147+07:00 DEBUG 16688 --- [camsbatch] [   batch_task-1] o.h.id.IdentifierGeneratorHelper         : Extracted generated values [id.co.bca.camsbatch.model.Customer]: [Ljava.lang.Object;@3aa57795
2025-05-09T01:07:51.148+07:00 DEBUG 16688 --- [camsbatch] [   batch_task-1] o.h.e.i.AbstractFlushingEventListener    : Processing flush-time cascades
2025-05-09T01:07:51.149+07:00 DEBUG 16688 --- [camsbatch] [   batch_task-1] o.h.e.i.AbstractFlushingEventListener    : Dirty checking collections
2025-05-09T01:07:51.156+07:00 DEBUG 16688 --- [camsbatch] [   batch_task-1] o.h.e.i.AbstractFlushingEventListener    : Flushed: 0 insertions, 0 updates, 0 deletions to 2 objects
2025-05-09T01:07:51.157+07:00 DEBUG 16688 --- [camsbatch] [   batch_task-1] o.h.e.i.AbstractFlushingEventListener    : Flushed: 0 (re)creations, 0 updates, 0 removals to 0 collections
2025-05-09T01:07:51.158+07:00 DEBUG 16688 --- [camsbatch] [   batch_task-1] o.hibernate.internal.util.EntityPrinter  : Listing entities:
2025-05-09T01:07:51.160+07:00 DEBUG 16688 --- [camsbatch] [   batch_task-1] o.hibernate.internal.util.EntityPrinter  : id.co.bca.camsbatch.model.Customer{firstName=Jane, lastName=Smith, id=2, email=jane.smith@example.com}
2025-05-09T01:07:51.160+07:00 DEBUG 16688 --- [camsbatch] [   batch_task-1] o.hibernate.internal.util.EntityPrinter  : id.co.bca.camsbatch.model.Customer{firstName=John, lastName=Doe, id=1, email=john.doe@example.com}
2025-05-09T01:07:51.166+07:00 DEBUG 16688 --- [camsbatch] [   batch_task-1] o.h.e.t.internal.TransactionImpl         : committing
2025-05-09T01:07:51.167+07:00  INFO 16688 --- [camsbatch] [   batch_task-1] o.s.batch.core.step.AbstractStep         : Step: [processCustomerStep] executed in 144ms
2025-05-09T01:07:51.170+07:00 DEBUG 16688 --- [camsbatch] [   batch_task-1] o.h.e.t.internal.TransactionImpl         : On TransactionImpl creation, JpaCompliance#isJpaTransactionComplianceEnabled == false
2025-05-09T01:07:51.170+07:00 DEBUG 16688 --- [camsbatch] [   batch_task-1] o.h.e.t.internal.TransactionImpl         : begin
2025-05-09T01:07:51.172+07:00 DEBUG 16688 --- [camsbatch] [   batch_task-1] o.h.e.t.internal.TransactionImpl         : committing
2025-05-09T01:07:51.173+07:00 DEBUG 16688 --- [camsbatch] [   batch_task-1] o.h.e.t.internal.TransactionImpl         : On TransactionImpl creation, JpaCompliance#isJpaTransactionComplianceEnabled == false
2025-05-09T01:07:51.174+07:00 DEBUG 16688 --- [camsbatch] [   batch_task-1] o.h.e.t.internal.TransactionImpl         : begin
2025-05-09T01:07:51.175+07:00 DEBUG 16688 --- [camsbatch] [   batch_task-1] o.h.e.t.internal.TransactionImpl         : committing
2025-05-09T01:07:51.176+07:00 DEBUG 16688 --- [camsbatch] [   batch_task-1] o.h.e.t.internal.TransactionImpl         : On TransactionImpl creation, JpaCompliance#isJpaTransactionComplianceEnabled == false
2025-05-09T01:07:51.176+07:00 DEBUG 16688 --- [camsbatch] [   batch_task-1] o.h.e.t.internal.TransactionImpl         : begin
2025-05-09T01:07:51.178+07:00 DEBUG 16688 --- [camsbatch] [   batch_task-1] o.h.e.t.internal.TransactionImpl         : committing
2025-05-09T01:07:51.180+07:00 DEBUG 16688 --- [camsbatch] [           main] o.h.e.t.internal.TransactionImpl         : On TransactionImpl creation, JpaCompliance#isJpaTransactionComplianceEnabled == false
2025-05-09T01:07:51.180+07:00 DEBUG 16688 --- [camsbatch] [           main] o.h.e.t.internal.TransactionImpl         : begin
2025-05-09T01:07:51.183+07:00 DEBUG 16688 --- [camsbatch] [           main] o.h.e.t.internal.TransactionImpl         : committing
2025-05-09T01:07:51.188+07:00  INFO 16688 --- [camsbatch] [           main] o.s.b.c.l.s.TaskExecutorJobLauncher      : Job: [FlowJob: [name=importDataJob]] completed with the following parameters: [{'time':'{value=1746727670789, type=class java.lang.Long, identifying=true}'}] and the following status: [FAILED] in 266ms
]]></system-out>
  </testcase>
</testsuite>